#-----------------------------------------------------------
# Vivado v2017.2 (64-bit)
# SW Build 1909853 on Thu Jun 15 18:39:09 MDT 2017
# IP Build 1909766 on Thu Jun 15 19:58:00 MDT 2017
# Start of session at: Thu Nov 30 16:55:45 2017
# Process ID: 5860
# Current directory: C:/Users/mzm0175/OneDrive - Auburn University/Academics/Compuer architectute/Project/project_CPU_RET_fixed _impl_seven_segment
# Command line: vivado.exe -gui_launcher_event rodinguilauncherevent7544 C:\Users\mzm0175\OneDrive - Auburn University\Academics\Compuer architectute\Project\project_CPU_RET_fixed _impl_seven_segment\project_CPU.xpr
# Log file: C:/Users/mzm0175/OneDrive - Auburn University/Academics/Compuer architectute/Project/project_CPU_RET_fixed _impl_seven_segment/vivado.log
# Journal file: C:/Users/mzm0175/OneDrive - Auburn University/Academics/Compuer architectute/Project/project_CPU_RET_fixed _impl_seven_segment\vivado.jou
#-----------------------------------------------------------
start_gui
open_project {C:/Users/mzm0175/OneDrive - Auburn University/Academics/Compuer architectute/Project/project_CPU_RET_fixed _impl_seven_segment/project_CPU.xpr}
INFO: [ProjectBase 1-489] The host OS only allows 260 characters in a normal path. The project is stored in a path with more than 80 characters. If you experience issues with IP, Block Designs, or files not being found, please consider moving the project to a location with a shorter path. Alternately consider using the OS subst command to map part of the path to a drive letter.
Current project path is 'C:/Users/mzm0175/OneDrive - Auburn University/Academics/Compuer architectute/Project/project_CPU_RET_fixed _impl_seven_segment'
INFO: [Project 1-313] Project file moved from 'C:/Users/Sprkle/OneDrive - Auburn University/Academics/Compuer architectute/Project/Project_30_nov_/project_CPU_RET_fixed _impl_seven_segment' since last save.
Scanning sources...
Finished scanning sources
INFO: [IP_Flow 19-234] Refreshing IP repositories
INFO: [IP_Flow 19-1704] No user IP repositories specified
INFO: [IP_Flow 19-2313] Loaded Vivado IP repository 'C:/Xilinx/Vivado/2017.2/data/ip'.
update_compile_order -fileset sources_1
open_run impl_1
INFO: [Netlist 29-17] Analyzing 90 Unisim elements for replacement
INFO: [Netlist 29-28] Unisim Transformation completed in 0 CPU seconds
INFO: [Project 1-479] Netlist was created with Vivado 2017.2
INFO: [Device 21-403] Loading part xc7a100tcsg324-1
INFO: [Project 1-570] Preparing netlist for logic optimization
Parsing XDC File [C:/Users/mzm0175/OneDrive - Auburn University/Academics/Compuer architectute/Project/project_CPU_RET_fixed _impl_seven_segment/.Xil/Vivado-5860-ELECA81/dcp1/Test_PC.xdc]
Finished Parsing XDC File [C:/Users/mzm0175/OneDrive - Auburn University/Academics/Compuer architectute/Project/project_CPU_RET_fixed _impl_seven_segment/.Xil/Vivado-5860-ELECA81/dcp1/Test_PC.xdc]
Reading XDEF placement.
Reading placer database...
Reading XDEF routing.
Read XDEF File: Time (s): cpu = 00:00:00 ; elapsed = 00:00:00.125 . Memory (MB): peak = 1029.246 ; gain = 0.000
Restored from archive | CPU: 0.000000 secs | Memory: 0.000000 MB |
Finished XDEF File Restore: Time (s): cpu = 00:00:00 ; elapsed = 00:00:00.125 . Memory (MB): peak = 1029.246 ; gain = 0.000
INFO: [Project 1-111] Unisim Transformation Summary:
  A total of 64 instances were transformed.
  RAM256X1S => RAM256X1S (RAMS64E, RAMS64E, RAMS64E, RAMS64E, MUXF7, MUXF7, MUXF8): 64 instances

open_run: Time (s): cpu = 00:00:14 ; elapsed = 00:00:08 . Memory (MB): peak = 1156.082 ; gain = 331.121
CRITICAL WARNING: [Timing 38-282] The design failed to meet the timing requirements. Please see the timing summary report for details on the timing violations.
close_design
open_run synth_1 -name synth_1
Design is defaulting to impl run constrset: constrs_1
Design is defaulting to synth run part: xc7a100tcsg324-1
INFO: [Netlist 29-17] Analyzing 90 Unisim elements for replacement
INFO: [Netlist 29-28] Unisim Transformation completed in 0 CPU seconds
INFO: [Project 1-479] Netlist was created with Vivado 2017.2
INFO: [Project 1-570] Preparing netlist for logic optimization
Parsing XDC File [C:/Users/mzm0175/OneDrive - Auburn University/Academics/Compuer architectute/Project/project_CPU_RET_fixed _impl_seven_segment/project_CPU.srcs/constrs_1/imports/Xilinx/Nexys4DDR_Master.xdc]
Finished Parsing XDC File [C:/Users/mzm0175/OneDrive - Auburn University/Academics/Compuer architectute/Project/project_CPU_RET_fixed _impl_seven_segment/project_CPU.srcs/constrs_1/imports/Xilinx/Nexys4DDR_Master.xdc]
INFO: [Opt 31-138] Pushed 0 inverter(s) to 0 load pin(s).
INFO: [Project 1-111] Unisim Transformation Summary:
  A total of 64 instances were transformed.
  RAM256X1S => RAM256X1S (MUXF7, MUXF7, MUXF8, RAMS64E, RAMS64E, RAMS64E, RAMS64E): 64 instances

reset_run synth_1
launch_runs synth_1 -jobs 8
[Thu Nov 30 17:12:53 2017] Launched synth_1...
Run output will be captured here: C:/Users/mzm0175/OneDrive - Auburn University/Academics/Compuer architectute/Project/project_CPU_RET_fixed _impl_seven_segment/project_CPU.runs/synth_1/runme.log
close_design
launch_runs impl_1 -jobs 8
[Thu Nov 30 17:13:31 2017] Launched impl_1...
Run output will be captured here: C:/Users/mzm0175/OneDrive - Auburn University/Academics/Compuer architectute/Project/project_CPU_RET_fixed _impl_seven_segment/project_CPU.runs/impl_1/runme.log
open_run impl_1
INFO: [Netlist 29-17] Analyzing 90 Unisim elements for replacement
INFO: [Netlist 29-28] Unisim Transformation completed in 0 CPU seconds
INFO: [Project 1-479] Netlist was created with Vivado 2017.2
INFO: [Project 1-570] Preparing netlist for logic optimization
Parsing XDC File [C:/Users/mzm0175/OneDrive - Auburn University/Academics/Compuer architectute/Project/project_CPU_RET_fixed _impl_seven_segment/.Xil/Vivado-5860-ELECA81/dcp9/Test_PC.xdc]
Finished Parsing XDC File [C:/Users/mzm0175/OneDrive - Auburn University/Academics/Compuer architectute/Project/project_CPU_RET_fixed _impl_seven_segment/.Xil/Vivado-5860-ELECA81/dcp9/Test_PC.xdc]
Reading XDEF placement.
Reading placer database...
Reading XDEF routing.
Read XDEF File: Time (s): cpu = 00:00:00 ; elapsed = 00:00:00.131 . Memory (MB): peak = 1767.832 ; gain = 0.000
Restored from archive | CPU: 0.000000 secs | Memory: 0.000000 MB |
Finished XDEF File Restore: Time (s): cpu = 00:00:00 ; elapsed = 00:00:00.131 . Memory (MB): peak = 1767.832 ; gain = 0.000
INFO: [Project 1-111] Unisim Transformation Summary:
  A total of 64 instances were transformed.
  RAM256X1S => RAM256X1S (RAMS64E, RAMS64E, RAMS64E, RAMS64E, MUXF7, MUXF7, MUXF8): 64 instances

CRITICAL WARNING: [Timing 38-282] The design failed to meet the timing requirements. Please see the timing summary report for details on the timing violations.
reset_run synth_1
launch_runs synth_1 -jobs 8
[Thu Nov 30 17:21:47 2017] Launched synth_1...
Run output will be captured here: C:/Users/mzm0175/OneDrive - Auburn University/Academics/Compuer architectute/Project/project_CPU_RET_fixed _impl_seven_segment/project_CPU.runs/synth_1/runme.log
launch_runs impl_1 -jobs 8
[Thu Nov 30 17:23:54 2017] Launched impl_1...
Run output will be captured here: C:/Users/mzm0175/OneDrive - Auburn University/Academics/Compuer architectute/Project/project_CPU_RET_fixed _impl_seven_segment/project_CPU.runs/impl_1/runme.log
close_design
open_run impl_1
INFO: [Netlist 29-17] Analyzing 90 Unisim elements for replacement
INFO: [Netlist 29-28] Unisim Transformation completed in 0 CPU seconds
INFO: [Project 1-479] Netlist was created with Vivado 2017.2
INFO: [Project 1-570] Preparing netlist for logic optimization
Parsing XDC File [C:/Users/mzm0175/OneDrive - Auburn University/Academics/Compuer architectute/Project/project_CPU_RET_fixed _impl_seven_segment/.Xil/Vivado-5860-ELECA81/dcp15/Test_PC.xdc]
Finished Parsing XDC File [C:/Users/mzm0175/OneDrive - Auburn University/Academics/Compuer architectute/Project/project_CPU_RET_fixed _impl_seven_segment/.Xil/Vivado-5860-ELECA81/dcp15/Test_PC.xdc]
Reading XDEF placement.
Reading placer database...
Reading XDEF routing.
Read XDEF File: Time (s): cpu = 00:00:00 ; elapsed = 00:00:00.131 . Memory (MB): peak = 1792.859 ; gain = 0.000
Restored from archive | CPU: 0.000000 secs | Memory: 0.000000 MB |
Finished XDEF File Restore: Time (s): cpu = 00:00:00 ; elapsed = 00:00:00.131 . Memory (MB): peak = 1792.859 ; gain = 0.000
INFO: [Project 1-111] Unisim Transformation Summary:
  A total of 64 instances were transformed.
  RAM256X1S => RAM256X1S (RAMS64E, RAMS64E, RAMS64E, RAMS64E, MUXF7, MUXF7, MUXF8): 64 instances

CRITICAL WARNING: [Timing 38-282] The design failed to meet the timing requirements. Please see the timing summary report for details on the timing violations.
close_design
open_run synth_1 -name synth_1
Design is defaulting to impl run constrset: constrs_1
Design is defaulting to synth run part: xc7a100tcsg324-1
INFO: [Netlist 29-17] Analyzing 90 Unisim elements for replacement
INFO: [Netlist 29-28] Unisim Transformation completed in 0 CPU seconds
INFO: [Project 1-479] Netlist was created with Vivado 2017.2
INFO: [Project 1-570] Preparing netlist for logic optimization
Parsing XDC File [C:/Users/mzm0175/OneDrive - Auburn University/Academics/Compuer architectute/Project/project_CPU_RET_fixed _impl_seven_segment/project_CPU.srcs/constrs_1/imports/Xilinx/Nexys4DDR_Master.xdc]
Finished Parsing XDC File [C:/Users/mzm0175/OneDrive - Auburn University/Academics/Compuer architectute/Project/project_CPU_RET_fixed _impl_seven_segment/project_CPU.srcs/constrs_1/imports/Xilinx/Nexys4DDR_Master.xdc]
INFO: [Opt 31-138] Pushed 0 inverter(s) to 0 load pin(s).
INFO: [Project 1-111] Unisim Transformation Summary:
  A total of 64 instances were transformed.
  RAM256X1S => RAM256X1S (MUXF7, MUXF7, MUXF8, RAMS64E, RAMS64E, RAMS64E, RAMS64E): 64 instances

reset_run synth_1
launch_runs synth_1 -jobs 8
[Thu Nov 30 18:12:16 2017] Launched synth_1...
Run output will be captured here: C:/Users/mzm0175/OneDrive - Auburn University/Academics/Compuer architectute/Project/project_CPU_RET_fixed _impl_seven_segment/project_CPU.runs/synth_1/runme.log
reset_run synth_1
launch_runs synth_1 -jobs 8
[Thu Nov 30 18:14:04 2017] Launched synth_1...
Run output will be captured here: C:/Users/mzm0175/OneDrive - Auburn University/Academics/Compuer architectute/Project/project_CPU_RET_fixed _impl_seven_segment/project_CPU.runs/synth_1/runme.log
launch_runs impl_1 -jobs 8
WARNING: [Project 1-478] Design 'synth_1' is stale and will not be used when launching 'impl_1'
[Thu Nov 30 18:14:38 2017] Launched impl_1...
Run output will be captured here: C:/Users/mzm0175/OneDrive - Auburn University/Academics/Compuer architectute/Project/project_CPU_RET_fixed _impl_seven_segment/project_CPU.runs/impl_1/runme.log
close_design
reset_run synth_1
launch_runs synth_1 -jobs 8
[Thu Nov 30 18:16:05 2017] Launched synth_1...
Run output will be captured here: C:/Users/mzm0175/OneDrive - Auburn University/Academics/Compuer architectute/Project/project_CPU_RET_fixed _impl_seven_segment/project_CPU.runs/synth_1/runme.log
launch_runs impl_1 -jobs 8
[Thu Nov 30 18:17:15 2017] Launched impl_1...
Run output will be captured here: C:/Users/mzm0175/OneDrive - Auburn University/Academics/Compuer architectute/Project/project_CPU_RET_fixed _impl_seven_segment/project_CPU.runs/impl_1/runme.log
open_run impl_1
INFO: [Netlist 29-17] Analyzing 90 Unisim elements for replacement
INFO: [Netlist 29-28] Unisim Transformation completed in 0 CPU seconds
INFO: [Project 1-479] Netlist was created with Vivado 2017.2
INFO: [Project 1-570] Preparing netlist for logic optimization
Parsing XDC File [C:/Users/mzm0175/OneDrive - Auburn University/Academics/Compuer architectute/Project/project_CPU_RET_fixed _impl_seven_segment/.Xil/Vivado-5860-ELECA81/dcp27/Test_PC.xdc]
Finished Parsing XDC File [C:/Users/mzm0175/OneDrive - Auburn University/Academics/Compuer architectute/Project/project_CPU_RET_fixed _impl_seven_segment/.Xil/Vivado-5860-ELECA81/dcp27/Test_PC.xdc]
Reading XDEF placement.
Reading placer database...
Reading XDEF routing.
Read XDEF File: Time (s): cpu = 00:00:00 ; elapsed = 00:00:00.125 . Memory (MB): peak = 1819.277 ; gain = 0.000
Restored from archive | CPU: 0.000000 secs | Memory: 0.000000 MB |
Finished XDEF File Restore: Time (s): cpu = 00:00:00 ; elapsed = 00:00:00.125 . Memory (MB): peak = 1819.277 ; gain = 0.000
INFO: [Project 1-111] Unisim Transformation Summary:
  A total of 64 instances were transformed.
  RAM256X1S => RAM256X1S (RAMS64E, RAMS64E, RAMS64E, RAMS64E, MUXF7, MUXF7, MUXF8): 64 instances

CRITICAL WARNING: [Timing 38-282] The design failed to meet the timing requirements. Please see the timing summary report for details on the timing violations.
launch_runs impl_1 -to_step write_bitstream -jobs 8
[Thu Nov 30 18:18:56 2017] Launched impl_1...
Run output will be captured here: C:/Users/mzm0175/OneDrive - Auburn University/Academics/Compuer architectute/Project/project_CPU_RET_fixed _impl_seven_segment/project_CPU.runs/impl_1/runme.log
open_hw
connect_hw_server
INFO: [Labtools 27-2285] Connecting to hw_server url TCP:localhost:3121
INFO: [Labtools 27-2222] Launching hw_server...
INFO: [Labtools 27-2221] Launch Output:

****** Xilinx hw_server v2017.2
  **** Build date : Jun 15 2017-18:53:26
    ** Copyright 1986-2017 Xilinx, Inc. All Rights Reserved.


open_hw_target
INFO: [Labtoolstcl 44-466] Opening hw_target localhost:3121/xilinx_tcf/Digilent/210292A401EBA
set_property PROGRAM.FILE {C:/Users/mzm0175/OneDrive - Auburn University/Academics/Compuer architectute/Project/project_CPU_RET_fixed _impl_seven_segment/project_CPU.runs/impl_1/Test_PC.bit} [get_hw_devices xc7a100t_0]
current_hw_device [get_hw_devices xc7a100t_0]
refresh_hw_device -update_hw_probes false [lindex [get_hw_devices xc7a100t_0] 0]
INFO: [Labtools 27-1434] Device xc7a100t (JTAG device index = 0) is programmed with a design that has no supported debug core(s) in it.
WARNING: [Labtools 27-3361] The debug hub core was not detected.
Resolution: 
1. Make sure the clock connected to the debug hub (dbg_hub) core is a free running clock and is active.
2. Make sure the BSCAN_SWITCH_USER_MASK device property in Vivado Hardware Manager reflects the user scan chain setting in the design and refresh the device.  To determine the user scan chain setting in the design, open the implemented design and use 'get_property C_USER_SCAN_CHAIN [get_debug_cores dbg_hub]'.
For more details on setting the scan chain property, consult the Vivado Debug and Programming User Guide (UG908).
set_property PROBES.FILE {} [get_hw_devices xc7a100t_0]
set_property FULL_PROBES.FILE {} [get_hw_devices xc7a100t_0]
set_property PROGRAM.FILE {C:/Users/mzm0175/OneDrive - Auburn University/Academics/Compuer architectute/Project/project_CPU_RET_fixed _impl_seven_segment/project_CPU.runs/impl_1/Test_PC.bit} [get_hw_devices xc7a100t_0]
program_hw_devices [get_hw_devices xc7a100t_0]
INFO: [Labtools 27-3164] End of startup status: HIGH
refresh_hw_device [lindex [get_hw_devices xc7a100t_0] 0]
INFO: [Labtools 27-1434] Device xc7a100t (JTAG device index = 0) is programmed with a design that has no supported debug core(s) in it.
WARNING: [Labtools 27-3361] The debug hub core was not detected.
Resolution: 
1. Make sure the clock connected to the debug hub (dbg_hub) core is a free running clock and is active.
2. Make sure the BSCAN_SWITCH_USER_MASK device property in Vivado Hardware Manager reflects the user scan chain setting in the design and refresh the device.  To determine the user scan chain setting in the design, open the implemented design and use 'get_property C_USER_SCAN_CHAIN [get_debug_cores dbg_hub]'.
For more details on setting the scan chain property, consult the Vivado Debug and Programming User Guide (UG908).
launch_simulation
INFO: [SIM-utils-51] Simulation object is 'sim_1'
INFO: [SIM-utils-54] Inspecting design source files for 'MyPC_tb' in fileset 'sim_1'...
INFO: [USF-XSim-97] Finding global include files...
INFO: [USF-XSim-98] Fetching design files from 'sim_1'...
INFO: [USF-XSim-2] XSim::Compile design
INFO: [USF-XSim-61] Executing 'COMPILE and ANALYZE' step in 'C:/Users/mzm0175/OneDrive - Auburn University/Academics/Compuer architectute/Project/project_CPU_RET_fixed _impl_seven_segment/project_CPU.sim/sim_1/behav'
"xvlog -m64 --relax -prj MyPC_tb_vlog.prj"
INFO: [VRFC 10-2263] Analyzing Verilog file "C:/Users/mzm0175/OneDrive - Auburn University/Academics/Compuer architectute/Project/project_CPU_RET_fixed _impl_seven_segment/project_CPU.srcs/sources_1/imports/new/ADDER.v" into library xil_defaultlib
INFO: [VRFC 10-311] analyzing module ADDER
INFO: [VRFC 10-2263] Analyzing Verilog file "C:/Users/mzm0175/OneDrive - Auburn University/Academics/Compuer architectute/Project/project_CPU_RET_fixed _impl_seven_segment/project_CPU.srcs/sources_1/imports/new/ALU.v" into library xil_defaultlib
INFO: [VRFC 10-311] analyzing module ALU
INFO: [VRFC 10-2263] Analyzing Verilog file "C:/Users/mzm0175/OneDrive - Auburn University/Academics/Compuer architectute/Project/project_CPU_RET_fixed _impl_seven_segment/project_CPU.srcs/sources_1/imports/new/CPU.v" into library xil_defaultlib
INFO: [VRFC 10-311] analyzing module CPU
INFO: [VRFC 10-2263] Analyzing Verilog file "C:/Users/mzm0175/OneDrive - Auburn University/Academics/Compuer architectute/Project/project_CPU_RET_fixed _impl_seven_segment/project_CPU.srcs/sources_1/imports/new/Cont.v" into library xil_defaultlib
INFO: [VRFC 10-311] analyzing module Cont
INFO: [VRFC 10-2263] Analyzing Verilog file "C:/Users/mzm0175/OneDrive - Auburn University/Academics/Compuer architectute/Project/project_CPU_RET_fixed _impl_seven_segment/project_CPU.srcs/sources_1/imports/new/InsMemory.v" into library xil_defaultlib
INFO: [VRFC 10-311] analyzing module insMemory
INFO: [VRFC 10-2263] Analyzing Verilog file "C:/Users/mzm0175/OneDrive - Auburn University/Academics/Compuer architectute/Project/project_CPU_RET_fixed _impl_seven_segment/project_CPU.srcs/sources_1/imports/new/MUX.v" into library xil_defaultlib
INFO: [VRFC 10-311] analyzing module MUX
INFO: [VRFC 10-2263] Analyzing Verilog file "C:/Users/mzm0175/OneDrive - Auburn University/Academics/Compuer architectute/Project/project_CPU_RET_fixed _impl_seven_segment/project_CPU.srcs/sources_1/imports/new/MUX3.v" into library xil_defaultlib
INFO: [VRFC 10-311] analyzing module MUX3
INFO: [VRFC 10-2263] Analyzing Verilog file "C:/Users/mzm0175/OneDrive - Auburn University/Academics/Compuer architectute/Project/project_CPU_RET_fixed _impl_seven_segment/project_CPU.srcs/sources_1/imports/new/MyPC.v" into library xil_defaultlib
INFO: [VRFC 10-311] analyzing module MyPC
INFO: [VRFC 10-2263] Analyzing Verilog file "C:/Users/mzm0175/OneDrive - Auburn University/Academics/Compuer architectute/Project/project_CPU_RET_fixed _impl_seven_segment/project_CPU.srcs/sources_1/imports/new/PC.v" into library xil_defaultlib
INFO: [VRFC 10-311] analyzing module PC
INFO: [VRFC 10-2263] Analyzing Verilog file "C:/Users/mzm0175/OneDrive - Auburn University/Academics/Compuer architectute/Project/project_CPU_RET_fixed _impl_seven_segment/project_CPU.srcs/sources_1/imports/new/Reg.v" into library xil_defaultlib
INFO: [VRFC 10-311] analyzing module Reg
INFO: [VRFC 10-2263] Analyzing Verilog file "C:/Users/mzm0175/OneDrive - Auburn University/Academics/Compuer architectute/Project/project_CPU_RET_fixed _impl_seven_segment/project_CPU.srcs/sources_1/imports/new/SignExtend.v" into library xil_defaultlib
INFO: [VRFC 10-311] analyzing module SignExtend
INFO: [VRFC 10-2263] Analyzing Verilog file "C:/Users/mzm0175/OneDrive - Auburn University/Academics/Compuer architectute/Project/project_CPU_RET_fixed _impl_seven_segment/project_CPU.srcs/sources_1/imports/new/dataMemory.v" into library xil_defaultlib
INFO: [VRFC 10-311] analyzing module dataMemory
INFO: [VRFC 10-2263] Analyzing Verilog file "C:/Users/mzm0175/OneDrive - Auburn University/Academics/Compuer architectute/Project/project_CPU_RET_fixed _impl_seven_segment/project_CPU.srcs/sim_1/new/MyPC_tb.v" into library xil_defaultlib
INFO: [VRFC 10-311] analyzing module MyPC_tb
INFO: [VRFC 10-2263] Analyzing Verilog file "C:/Users/mzm0175/OneDrive - Auburn University/Academics/Compuer architectute/Project/project_CPU_RET_fixed _impl_seven_segment/project_CPU.sim/sim_1/behav/glbl.v" into library xil_defaultlib
INFO: [VRFC 10-311] analyzing module glbl
INFO: [USF-XSim-69] 'compile' step finished in '1' seconds
INFO: [USF-XSim-3] XSim::Elaborate design
INFO: [USF-XSim-61] Executing 'ELABORATE' step in 'C:/Users/mzm0175/OneDrive - Auburn University/Academics/Compuer architectute/Project/project_CPU_RET_fixed _impl_seven_segment/project_CPU.sim/sim_1/behav'
Vivado Simulator 2017.2
Copyright 1986-1999, 2001-2016 Xilinx, Inc. All Rights Reserved.
Running: C:/Xilinx/Vivado/2017.2/bin/unwrapped/win64.o/xelab.exe -wto e1c5072daa4245af87b29c45515fe4d7 --debug typical --relax --mt 2 -L xil_defaultlib -L unisims_ver -L unimacro_ver -L secureip --snapshot MyPC_tb_behav xil_defaultlib.MyPC_tb xil_defaultlib.glbl -log elaborate.log 
Using 2 slave threads.
Starting static elaboration
Completed static elaboration
Starting simulation data flow analysis
Completed simulation data flow analysis
Time Resolution for simulation is 1ps
Compiling module xil_defaultlib.MUX
Compiling module xil_defaultlib.PC
Compiling module xil_defaultlib.ADDER
Compiling module xil_defaultlib.Cont
Compiling module xil_defaultlib.MUX3
Compiling module xil_defaultlib.Reg
Compiling module xil_defaultlib.SignExtend
Compiling module xil_defaultlib.ALU
Compiling module xil_defaultlib.CPU
Compiling module xil_defaultlib.insMemory
Compiling module xil_defaultlib.dataMemory
Compiling module xil_defaultlib.MyPC
Compiling module xil_defaultlib.MyPC_tb
Compiling module xil_defaultlib.glbl
Built simulation snapshot MyPC_tb_behav
ERROR: [Common 17-165] Too many positional options when parsing '-notrace', please type 'webtalk -help' for usage info.

INFO: [USF-XSim-69] 'elaborate' step finished in '1' seconds
INFO: [USF-XSim-4] XSim::Simulate design
INFO: [USF-XSim-61] Executing 'SIMULATE' step in 'C:/Users/mzm0175/OneDrive - Auburn University/Academics/Compuer architectute/Project/project_CPU_RET_fixed _impl_seven_segment/project_CPU.sim/sim_1/behav'
INFO: [USF-XSim-98] *** Running xsim
   with args "MyPC_tb_behav -key {Behavioral:sim_1:Functional:MyPC_tb} -tclbatch {MyPC_tb.tcl} -log {simulate.log}"
INFO: [USF-XSim-8] Loading simulator feature
Vivado Simulator 2017.2
Time resolution is 1 ps
source MyPC_tb.tcl
# set curr_wave [current_wave_config]
# if { [string length $curr_wave] == 0 } {
#   if { [llength [get_objects]] > 0} {
#     add_wave /
#     set_property needs_save false [current_wave_config]
#   } else {
#      send_msg_id Add_Wave-1 WARNING "No top level signals found. Simulator will start without a wave window. If you want to open a wave window go to 'File->New Waveform Configuration' or type 'create_wave_config' in the TCL console."
#   }
# }
# run 1000ns
WARNING: File descriptor (-20000) passed to $fwrite in file C:/Users/mzm0175/OneDrive - Auburn University/Academics/Compuer architectute/Project/project_CPU_RET_fixed _impl_seven_segment/project_CPU.srcs/sim_1/new/MyPC_tb.v at line 59 is not valid.
WARNING: File descriptor (-20000) passed to $fwrite in file C:/Users/mzm0175/OneDrive - Auburn University/Academics/Compuer architectute/Project/project_CPU_RET_fixed _impl_seven_segment/project_CPU.srcs/sim_1/new/MyPC_tb.v at line 59 is not valid.
WARNING: File descriptor (-20000) passed to $fwrite in file C:/Users/mzm0175/OneDrive - Auburn University/Academics/Compuer architectute/Project/project_CPU_RET_fixed _impl_seven_segment/project_CPU.srcs/sim_1/new/MyPC_tb.v at line 59 is not valid.
WARNING: File descriptor (-20000) passed to $fwrite in file C:/Users/mzm0175/OneDrive - Auburn University/Academics/Compuer architectute/Project/project_CPU_RET_fixed _impl_seven_segment/project_CPU.srcs/sim_1/new/MyPC_tb.v at line 59 is not valid.
WARNING: File descriptor (-20000) passed to $fwrite in file C:/Users/mzm0175/OneDrive - Auburn University/Academics/Compuer architectute/Project/project_CPU_RET_fixed _impl_seven_segment/project_CPU.srcs/sim_1/new/MyPC_tb.v at line 59 is not valid.
WARNING: File descriptor (-20000) passed to $fwrite in file C:/Users/mzm0175/OneDrive - Auburn University/Academics/Compuer architectute/Project/project_CPU_RET_fixed _impl_seven_segment/project_CPU.srcs/sim_1/new/MyPC_tb.v at line 59 is not valid.
INFO: [USF-XSim-96] XSim completed. Design snapshot 'MyPC_tb_behav' loaded.
INFO: [USF-XSim-97] XSim simulation ran for 1000ns
open_run synth_1 -name synth_1
Design is defaulting to impl run constrset: constrs_1
Design is defaulting to synth run part: xc7a100tcsg324-1
INFO: [Netlist 29-17] Analyzing 90 Unisim elements for replacement
INFO: [Netlist 29-28] Unisim Transformation completed in 0 CPU seconds
INFO: [Project 1-479] Netlist was created with Vivado 2017.2
INFO: [Project 1-570] Preparing netlist for logic optimization
Parsing XDC File [C:/Users/mzm0175/OneDrive - Auburn University/Academics/Compuer architectute/Project/project_CPU_RET_fixed _impl_seven_segment/project_CPU.srcs/constrs_1/imports/Xilinx/Nexys4DDR_Master.xdc]
Finished Parsing XDC File [C:/Users/mzm0175/OneDrive - Auburn University/Academics/Compuer architectute/Project/project_CPU_RET_fixed _impl_seven_segment/project_CPU.srcs/constrs_1/imports/Xilinx/Nexys4DDR_Master.xdc]
INFO: [Opt 31-138] Pushed 0 inverter(s) to 0 load pin(s).
INFO: [Project 1-111] Unisim Transformation Summary:
  A total of 64 instances were transformed.
  RAM256X1S => RAM256X1S (MUXF7, MUXF7, MUXF8, RAMS64E, RAMS64E, RAMS64E, RAMS64E): 64 instances

close_sim
INFO: [Simtcl 6-16] Simulation closed
launch_simulation
INFO: [SIM-utils-51] Simulation object is 'sim_1'
INFO: [SIM-utils-54] Inspecting design source files for 'MyPC_tb' in fileset 'sim_1'...
INFO: [USF-XSim-97] Finding global include files...
INFO: [USF-XSim-98] Fetching design files from 'sim_1'...
INFO: [USF-XSim-2] XSim::Compile design
INFO: [USF-XSim-61] Executing 'COMPILE and ANALYZE' step in 'C:/Users/mzm0175/OneDrive - Auburn University/Academics/Compuer architectute/Project/project_CPU_RET_fixed _impl_seven_segment/project_CPU.sim/sim_1/behav'
"xvlog -m64 --relax -prj MyPC_tb_vlog.prj"
INFO: [VRFC 10-2263] Analyzing Verilog file "C:/Users/mzm0175/OneDrive - Auburn University/Academics/Compuer architectute/Project/project_CPU_RET_fixed _impl_seven_segment/project_CPU.srcs/sources_1/imports/new/ADDER.v" into library xil_defaultlib
INFO: [VRFC 10-311] analyzing module ADDER
INFO: [VRFC 10-2263] Analyzing Verilog file "C:/Users/mzm0175/OneDrive - Auburn University/Academics/Compuer architectute/Project/project_CPU_RET_fixed _impl_seven_segment/project_CPU.srcs/sources_1/imports/new/ALU.v" into library xil_defaultlib
INFO: [VRFC 10-311] analyzing module ALU
INFO: [VRFC 10-2263] Analyzing Verilog file "C:/Users/mzm0175/OneDrive - Auburn University/Academics/Compuer architectute/Project/project_CPU_RET_fixed _impl_seven_segment/project_CPU.srcs/sources_1/imports/new/CPU.v" into library xil_defaultlib
INFO: [VRFC 10-311] analyzing module CPU
INFO: [VRFC 10-2263] Analyzing Verilog file "C:/Users/mzm0175/OneDrive - Auburn University/Academics/Compuer architectute/Project/project_CPU_RET_fixed _impl_seven_segment/project_CPU.srcs/sources_1/imports/new/Cont.v" into library xil_defaultlib
INFO: [VRFC 10-311] analyzing module Cont
INFO: [VRFC 10-2263] Analyzing Verilog file "C:/Users/mzm0175/OneDrive - Auburn University/Academics/Compuer architectute/Project/project_CPU_RET_fixed _impl_seven_segment/project_CPU.srcs/sources_1/imports/new/InsMemory.v" into library xil_defaultlib
INFO: [VRFC 10-311] analyzing module insMemory
INFO: [VRFC 10-2263] Analyzing Verilog file "C:/Users/mzm0175/OneDrive - Auburn University/Academics/Compuer architectute/Project/project_CPU_RET_fixed _impl_seven_segment/project_CPU.srcs/sources_1/imports/new/MUX.v" into library xil_defaultlib
INFO: [VRFC 10-311] analyzing module MUX
INFO: [VRFC 10-2263] Analyzing Verilog file "C:/Users/mzm0175/OneDrive - Auburn University/Academics/Compuer architectute/Project/project_CPU_RET_fixed _impl_seven_segment/project_CPU.srcs/sources_1/imports/new/MUX3.v" into library xil_defaultlib
INFO: [VRFC 10-311] analyzing module MUX3
INFO: [VRFC 10-2263] Analyzing Verilog file "C:/Users/mzm0175/OneDrive - Auburn University/Academics/Compuer architectute/Project/project_CPU_RET_fixed _impl_seven_segment/project_CPU.srcs/sources_1/imports/new/MyPC.v" into library xil_defaultlib
INFO: [VRFC 10-311] analyzing module MyPC
INFO: [VRFC 10-2263] Analyzing Verilog file "C:/Users/mzm0175/OneDrive - Auburn University/Academics/Compuer architectute/Project/project_CPU_RET_fixed _impl_seven_segment/project_CPU.srcs/sources_1/imports/new/PC.v" into library xil_defaultlib
INFO: [VRFC 10-311] analyzing module PC
INFO: [VRFC 10-2263] Analyzing Verilog file "C:/Users/mzm0175/OneDrive - Auburn University/Academics/Compuer architectute/Project/project_CPU_RET_fixed _impl_seven_segment/project_CPU.srcs/sources_1/imports/new/Reg.v" into library xil_defaultlib
INFO: [VRFC 10-311] analyzing module Reg
INFO: [VRFC 10-2263] Analyzing Verilog file "C:/Users/mzm0175/OneDrive - Auburn University/Academics/Compuer architectute/Project/project_CPU_RET_fixed _impl_seven_segment/project_CPU.srcs/sources_1/imports/new/SignExtend.v" into library xil_defaultlib
INFO: [VRFC 10-311] analyzing module SignExtend
INFO: [VRFC 10-2263] Analyzing Verilog file "C:/Users/mzm0175/OneDrive - Auburn University/Academics/Compuer architectute/Project/project_CPU_RET_fixed _impl_seven_segment/project_CPU.srcs/sources_1/imports/new/dataMemory.v" into library xil_defaultlib
INFO: [VRFC 10-311] analyzing module dataMemory
INFO: [VRFC 10-2263] Analyzing Verilog file "C:/Users/mzm0175/OneDrive - Auburn University/Academics/Compuer architectute/Project/project_CPU_RET_fixed _impl_seven_segment/project_CPU.srcs/sim_1/new/MyPC_tb.v" into library xil_defaultlib
INFO: [VRFC 10-311] analyzing module MyPC_tb
INFO: [VRFC 10-2263] Analyzing Verilog file "C:/Users/mzm0175/OneDrive - Auburn University/Academics/Compuer architectute/Project/project_CPU_RET_fixed _impl_seven_segment/project_CPU.sim/sim_1/behav/glbl.v" into library xil_defaultlib
INFO: [VRFC 10-311] analyzing module glbl
INFO: [USF-XSim-69] 'compile' step finished in '1' seconds
INFO: [USF-XSim-3] XSim::Elaborate design
INFO: [USF-XSim-61] Executing 'ELABORATE' step in 'C:/Users/mzm0175/OneDrive - Auburn University/Academics/Compuer architectute/Project/project_CPU_RET_fixed _impl_seven_segment/project_CPU.sim/sim_1/behav'
Vivado Simulator 2017.2
Copyright 1986-1999, 2001-2016 Xilinx, Inc. All Rights Reserved.
Running: C:/Xilinx/Vivado/2017.2/bin/unwrapped/win64.o/xelab.exe -wto e1c5072daa4245af87b29c45515fe4d7 --debug typical --relax --mt 2 -L xil_defaultlib -L unisims_ver -L unimacro_ver -L secureip --snapshot MyPC_tb_behav xil_defaultlib.MyPC_tb xil_defaultlib.glbl -log elaborate.log 
Using 2 slave threads.
Starting static elaboration
Completed static elaboration
Starting simulation data flow analysis
Completed simulation data flow analysis
Time Resolution for simulation is 1ps
Compiling module xil_defaultlib.MUX
Compiling module xil_defaultlib.PC
Compiling module xil_defaultlib.ADDER
Compiling module xil_defaultlib.Cont
Compiling module xil_defaultlib.MUX3
Compiling module xil_defaultlib.Reg
Compiling module xil_defaultlib.SignExtend
Compiling module xil_defaultlib.ALU
Compiling module xil_defaultlib.CPU
Compiling module xil_defaultlib.insMemory
Compiling module xil_defaultlib.dataMemory
Compiling module xil_defaultlib.MyPC
Compiling module xil_defaultlib.MyPC_tb
Compiling module xil_defaultlib.glbl
Built simulation snapshot MyPC_tb_behav
ERROR: [Common 17-165] Too many positional options when parsing '-notrace', please type 'webtalk -help' for usage info.

INFO: [USF-XSim-69] 'elaborate' step finished in '1' seconds
INFO: [USF-XSim-4] XSim::Simulate design
INFO: [USF-XSim-61] Executing 'SIMULATE' step in 'C:/Users/mzm0175/OneDrive - Auburn University/Academics/Compuer architectute/Project/project_CPU_RET_fixed _impl_seven_segment/project_CPU.sim/sim_1/behav'
INFO: [USF-XSim-98] *** Running xsim
   with args "MyPC_tb_behav -key {Behavioral:sim_1:Functional:MyPC_tb} -tclbatch {MyPC_tb.tcl} -log {simulate.log}"
INFO: [USF-XSim-8] Loading simulator feature
Vivado Simulator 2017.2
Time resolution is 1 ps
source MyPC_tb.tcl
# set curr_wave [current_wave_config]
# if { [string length $curr_wave] == 0 } {
#   if { [llength [get_objects]] > 0} {
#     add_wave /
#     set_property needs_save false [current_wave_config]
#   } else {
#      send_msg_id Add_Wave-1 WARNING "No top level signals found. Simulator will start without a wave window. If you want to open a wave window go to 'File->New Waveform Configuration' or type 'create_wave_config' in the TCL console."
#   }
# }
# run 1000ns
WARNING: File descriptor (-20000) passed to $fwrite in file C:/Users/mzm0175/OneDrive - Auburn University/Academics/Compuer architectute/Project/project_CPU_RET_fixed _impl_seven_segment/project_CPU.srcs/sim_1/new/MyPC_tb.v at line 59 is not valid.
WARNING: File descriptor (-20000) passed to $fwrite in file C:/Users/mzm0175/OneDrive - Auburn University/Academics/Compuer architectute/Project/project_CPU_RET_fixed _impl_seven_segment/project_CPU.srcs/sim_1/new/MyPC_tb.v at line 59 is not valid.
WARNING: File descriptor (-20000) passed to $fwrite in file C:/Users/mzm0175/OneDrive - Auburn University/Academics/Compuer architectute/Project/project_CPU_RET_fixed _impl_seven_segment/project_CPU.srcs/sim_1/new/MyPC_tb.v at line 59 is not valid.
WARNING: File descriptor (-20000) passed to $fwrite in file C:/Users/mzm0175/OneDrive - Auburn University/Academics/Compuer architectute/Project/project_CPU_RET_fixed _impl_seven_segment/project_CPU.srcs/sim_1/new/MyPC_tb.v at line 59 is not valid.
WARNING: File descriptor (-20000) passed to $fwrite in file C:/Users/mzm0175/OneDrive - Auburn University/Academics/Compuer architectute/Project/project_CPU_RET_fixed _impl_seven_segment/project_CPU.srcs/sim_1/new/MyPC_tb.v at line 59 is not valid.
WARNING: File descriptor (-20000) passed to $fwrite in file C:/Users/mzm0175/OneDrive - Auburn University/Academics/Compuer architectute/Project/project_CPU_RET_fixed _impl_seven_segment/project_CPU.srcs/sim_1/new/MyPC_tb.v at line 59 is not valid.
INFO: [USF-XSim-96] XSim completed. Design snapshot 'MyPC_tb_behav' loaded.
INFO: [USF-XSim-97] XSim simulation ran for 1000ns
add_wave {{/MyPC_tb/PC0/Data}} 
remove_forces { {/MyPC_tb/PC0/Data/i} }
add_wave {{/MyPC_tb/PC0/CPU0/controller}} 
relaunch_sim
INFO: [SIM-utils-51] Simulation object is 'sim_1'
INFO: [SIM-utils-54] Inspecting design source files for 'MyPC_tb' in fileset 'sim_1'...
INFO: [USF-XSim-97] Finding global include files...
INFO: [USF-XSim-98] Fetching design files from 'sim_1'...
INFO: [USF-XSim-2] XSim::Compile design
INFO: [USF-XSim-61] Executing 'COMPILE and ANALYZE' step in 'C:/Users/mzm0175/OneDrive - Auburn University/Academics/Compuer architectute/Project/project_CPU_RET_fixed _impl_seven_segment/project_CPU.sim/sim_1/behav'
"xvlog -m64 --relax -prj MyPC_tb_vlog.prj"
INFO: [VRFC 10-2263] Analyzing Verilog file "C:/Users/mzm0175/OneDrive - Auburn University/Academics/Compuer architectute/Project/project_CPU_RET_fixed _impl_seven_segment/project_CPU.srcs/sources_1/imports/new/ADDER.v" into library xil_defaultlib
INFO: [VRFC 10-311] analyzing module ADDER
INFO: [VRFC 10-2263] Analyzing Verilog file "C:/Users/mzm0175/OneDrive - Auburn University/Academics/Compuer architectute/Project/project_CPU_RET_fixed _impl_seven_segment/project_CPU.srcs/sources_1/imports/new/ALU.v" into library xil_defaultlib
INFO: [VRFC 10-311] analyzing module ALU
INFO: [VRFC 10-2263] Analyzing Verilog file "C:/Users/mzm0175/OneDrive - Auburn University/Academics/Compuer architectute/Project/project_CPU_RET_fixed _impl_seven_segment/project_CPU.srcs/sources_1/imports/new/CPU.v" into library xil_defaultlib
INFO: [VRFC 10-311] analyzing module CPU
INFO: [VRFC 10-2263] Analyzing Verilog file "C:/Users/mzm0175/OneDrive - Auburn University/Academics/Compuer architectute/Project/project_CPU_RET_fixed _impl_seven_segment/project_CPU.srcs/sources_1/imports/new/Cont.v" into library xil_defaultlib
INFO: [VRFC 10-311] analyzing module Cont
INFO: [VRFC 10-2263] Analyzing Verilog file "C:/Users/mzm0175/OneDrive - Auburn University/Academics/Compuer architectute/Project/project_CPU_RET_fixed _impl_seven_segment/project_CPU.srcs/sources_1/imports/new/InsMemory.v" into library xil_defaultlib
INFO: [VRFC 10-311] analyzing module insMemory
INFO: [VRFC 10-2263] Analyzing Verilog file "C:/Users/mzm0175/OneDrive - Auburn University/Academics/Compuer architectute/Project/project_CPU_RET_fixed _impl_seven_segment/project_CPU.srcs/sources_1/imports/new/MUX.v" into library xil_defaultlib
INFO: [VRFC 10-311] analyzing module MUX
INFO: [VRFC 10-2263] Analyzing Verilog file "C:/Users/mzm0175/OneDrive - Auburn University/Academics/Compuer architectute/Project/project_CPU_RET_fixed _impl_seven_segment/project_CPU.srcs/sources_1/imports/new/MUX3.v" into library xil_defaultlib
INFO: [VRFC 10-311] analyzing module MUX3
INFO: [VRFC 10-2263] Analyzing Verilog file "C:/Users/mzm0175/OneDrive - Auburn University/Academics/Compuer architectute/Project/project_CPU_RET_fixed _impl_seven_segment/project_CPU.srcs/sources_1/imports/new/MyPC.v" into library xil_defaultlib
INFO: [VRFC 10-311] analyzing module MyPC
INFO: [VRFC 10-2263] Analyzing Verilog file "C:/Users/mzm0175/OneDrive - Auburn University/Academics/Compuer architectute/Project/project_CPU_RET_fixed _impl_seven_segment/project_CPU.srcs/sources_1/imports/new/PC.v" into library xil_defaultlib
INFO: [VRFC 10-311] analyzing module PC
INFO: [VRFC 10-2263] Analyzing Verilog file "C:/Users/mzm0175/OneDrive - Auburn University/Academics/Compuer architectute/Project/project_CPU_RET_fixed _impl_seven_segment/project_CPU.srcs/sources_1/imports/new/Reg.v" into library xil_defaultlib
INFO: [VRFC 10-311] analyzing module Reg
INFO: [VRFC 10-2263] Analyzing Verilog file "C:/Users/mzm0175/OneDrive - Auburn University/Academics/Compuer architectute/Project/project_CPU_RET_fixed _impl_seven_segment/project_CPU.srcs/sources_1/imports/new/SignExtend.v" into library xil_defaultlib
INFO: [VRFC 10-311] analyzing module SignExtend
INFO: [VRFC 10-2263] Analyzing Verilog file "C:/Users/mzm0175/OneDrive - Auburn University/Academics/Compuer architectute/Project/project_CPU_RET_fixed _impl_seven_segment/project_CPU.srcs/sources_1/imports/new/dataMemory.v" into library xil_defaultlib
INFO: [VRFC 10-311] analyzing module dataMemory
INFO: [VRFC 10-2263] Analyzing Verilog file "C:/Users/mzm0175/OneDrive - Auburn University/Academics/Compuer architectute/Project/project_CPU_RET_fixed _impl_seven_segment/project_CPU.srcs/sim_1/new/MyPC_tb.v" into library xil_defaultlib
INFO: [VRFC 10-311] analyzing module MyPC_tb
INFO: [VRFC 10-2263] Analyzing Verilog file "C:/Users/mzm0175/OneDrive - Auburn University/Academics/Compuer architectute/Project/project_CPU_RET_fixed _impl_seven_segment/project_CPU.sim/sim_1/behav/glbl.v" into library xil_defaultlib
INFO: [VRFC 10-311] analyzing module glbl
INFO: [USF-XSim-69] 'compile' step finished in '1' seconds
INFO: [USF-XSim-3] XSim::Elaborate design
INFO: [USF-XSim-61] Executing 'ELABORATE' step in 'C:/Users/mzm0175/OneDrive - Auburn University/Academics/Compuer architectute/Project/project_CPU_RET_fixed _impl_seven_segment/project_CPU.sim/sim_1/behav'
Vivado Simulator 2017.2
Copyright 1986-1999, 2001-2016 Xilinx, Inc. All Rights Reserved.
Running: C:/Xilinx/Vivado/2017.2/bin/unwrapped/win64.o/xelab.exe -wto e1c5072daa4245af87b29c45515fe4d7 --debug typical --relax --mt 2 -L xil_defaultlib -L unisims_ver -L unimacro_ver -L secureip --snapshot MyPC_tb_behav xil_defaultlib.MyPC_tb xil_defaultlib.glbl -log elaborate.log 
Using 2 slave threads.
Starting static elaboration
Completed static elaboration
Starting simulation data flow analysis
Completed simulation data flow analysis
Time Resolution for simulation is 1ps
Compiling module xil_defaultlib.MUX
Compiling module xil_defaultlib.PC
Compiling module xil_defaultlib.ADDER
Compiling module xil_defaultlib.Cont
Compiling module xil_defaultlib.MUX3
Compiling module xil_defaultlib.Reg
Compiling module xil_defaultlib.SignExtend
Compiling module xil_defaultlib.ALU
Compiling module xil_defaultlib.CPU
Compiling module xil_defaultlib.insMemory
Compiling module xil_defaultlib.dataMemory
Compiling module xil_defaultlib.MyPC
Compiling module xil_defaultlib.MyPC_tb
Compiling module xil_defaultlib.glbl
Built simulation snapshot MyPC_tb_behav
INFO: [USF-XSim-69] 'elaborate' step finished in '1' seconds
Vivado Simulator 2017.2
Time resolution is 1 ps
WARNING: File descriptor (-20000) passed to $fwrite in file C:/Users/mzm0175/OneDrive - Auburn University/Academics/Compuer architectute/Project/project_CPU_RET_fixed _impl_seven_segment/project_CPU.srcs/sim_1/new/MyPC_tb.v at line 59 is not valid.
WARNING: File descriptor (-20000) passed to $fwrite in file C:/Users/mzm0175/OneDrive - Auburn University/Academics/Compuer architectute/Project/project_CPU_RET_fixed _impl_seven_segment/project_CPU.srcs/sim_1/new/MyPC_tb.v at line 59 is not valid.
WARNING: File descriptor (-20000) passed to $fwrite in file C:/Users/mzm0175/OneDrive - Auburn University/Academics/Compuer architectute/Project/project_CPU_RET_fixed _impl_seven_segment/project_CPU.srcs/sim_1/new/MyPC_tb.v at line 59 is not valid.
WARNING: File descriptor (-20000) passed to $fwrite in file C:/Users/mzm0175/OneDrive - Auburn University/Academics/Compuer architectute/Project/project_CPU_RET_fixed _impl_seven_segment/project_CPU.srcs/sim_1/new/MyPC_tb.v at line 59 is not valid.
WARNING: File descriptor (-20000) passed to $fwrite in file C:/Users/mzm0175/OneDrive - Auburn University/Academics/Compuer architectute/Project/project_CPU_RET_fixed _impl_seven_segment/project_CPU.srcs/sim_1/new/MyPC_tb.v at line 59 is not valid.
WARNING: File descriptor (-20000) passed to $fwrite in file C:/Users/mzm0175/OneDrive - Auburn University/Academics/Compuer architectute/Project/project_CPU_RET_fixed _impl_seven_segment/project_CPU.srcs/sim_1/new/MyPC_tb.v at line 59 is not valid.
add_wave {{/MyPC_tb/PC0/CPU0/pc/out}} 
relaunch_sim
INFO: [SIM-utils-51] Simulation object is 'sim_1'
INFO: [SIM-utils-54] Inspecting design source files for 'MyPC_tb' in fileset 'sim_1'...
INFO: [USF-XSim-97] Finding global include files...
INFO: [USF-XSim-98] Fetching design files from 'sim_1'...
INFO: [USF-XSim-2] XSim::Compile design
INFO: [USF-XSim-61] Executing 'COMPILE and ANALYZE' step in 'C:/Users/mzm0175/OneDrive - Auburn University/Academics/Compuer architectute/Project/project_CPU_RET_fixed _impl_seven_segment/project_CPU.sim/sim_1/behav'
"xvlog -m64 --relax -prj MyPC_tb_vlog.prj"
INFO: [VRFC 10-2263] Analyzing Verilog file "C:/Users/mzm0175/OneDrive - Auburn University/Academics/Compuer architectute/Project/project_CPU_RET_fixed _impl_seven_segment/project_CPU.srcs/sources_1/imports/new/ADDER.v" into library xil_defaultlib
INFO: [VRFC 10-311] analyzing module ADDER
INFO: [VRFC 10-2263] Analyzing Verilog file "C:/Users/mzm0175/OneDrive - Auburn University/Academics/Compuer architectute/Project/project_CPU_RET_fixed _impl_seven_segment/project_CPU.srcs/sources_1/imports/new/ALU.v" into library xil_defaultlib
INFO: [VRFC 10-311] analyzing module ALU
INFO: [VRFC 10-2263] Analyzing Verilog file "C:/Users/mzm0175/OneDrive - Auburn University/Academics/Compuer architectute/Project/project_CPU_RET_fixed _impl_seven_segment/project_CPU.srcs/sources_1/imports/new/CPU.v" into library xil_defaultlib
INFO: [VRFC 10-311] analyzing module CPU
INFO: [VRFC 10-2263] Analyzing Verilog file "C:/Users/mzm0175/OneDrive - Auburn University/Academics/Compuer architectute/Project/project_CPU_RET_fixed _impl_seven_segment/project_CPU.srcs/sources_1/imports/new/Cont.v" into library xil_defaultlib
INFO: [VRFC 10-311] analyzing module Cont
INFO: [VRFC 10-2263] Analyzing Verilog file "C:/Users/mzm0175/OneDrive - Auburn University/Academics/Compuer architectute/Project/project_CPU_RET_fixed _impl_seven_segment/project_CPU.srcs/sources_1/imports/new/InsMemory.v" into library xil_defaultlib
INFO: [VRFC 10-311] analyzing module insMemory
INFO: [VRFC 10-2263] Analyzing Verilog file "C:/Users/mzm0175/OneDrive - Auburn University/Academics/Compuer architectute/Project/project_CPU_RET_fixed _impl_seven_segment/project_CPU.srcs/sources_1/imports/new/MUX.v" into library xil_defaultlib
INFO: [VRFC 10-311] analyzing module MUX
INFO: [VRFC 10-2263] Analyzing Verilog file "C:/Users/mzm0175/OneDrive - Auburn University/Academics/Compuer architectute/Project/project_CPU_RET_fixed _impl_seven_segment/project_CPU.srcs/sources_1/imports/new/MUX3.v" into library xil_defaultlib
INFO: [VRFC 10-311] analyzing module MUX3
INFO: [VRFC 10-2263] Analyzing Verilog file "C:/Users/mzm0175/OneDrive - Auburn University/Academics/Compuer architectute/Project/project_CPU_RET_fixed _impl_seven_segment/project_CPU.srcs/sources_1/imports/new/MyPC.v" into library xil_defaultlib
INFO: [VRFC 10-311] analyzing module MyPC
INFO: [VRFC 10-2263] Analyzing Verilog file "C:/Users/mzm0175/OneDrive - Auburn University/Academics/Compuer architectute/Project/project_CPU_RET_fixed _impl_seven_segment/project_CPU.srcs/sources_1/imports/new/PC.v" into library xil_defaultlib
INFO: [VRFC 10-311] analyzing module PC
INFO: [VRFC 10-2263] Analyzing Verilog file "C:/Users/mzm0175/OneDrive - Auburn University/Academics/Compuer architectute/Project/project_CPU_RET_fixed _impl_seven_segment/project_CPU.srcs/sources_1/imports/new/Reg.v" into library xil_defaultlib
INFO: [VRFC 10-311] analyzing module Reg
INFO: [VRFC 10-2263] Analyzing Verilog file "C:/Users/mzm0175/OneDrive - Auburn University/Academics/Compuer architectute/Project/project_CPU_RET_fixed _impl_seven_segment/project_CPU.srcs/sources_1/imports/new/SignExtend.v" into library xil_defaultlib
INFO: [VRFC 10-311] analyzing module SignExtend
INFO: [VRFC 10-2263] Analyzing Verilog file "C:/Users/mzm0175/OneDrive - Auburn University/Academics/Compuer architectute/Project/project_CPU_RET_fixed _impl_seven_segment/project_CPU.srcs/sources_1/imports/new/dataMemory.v" into library xil_defaultlib
INFO: [VRFC 10-311] analyzing module dataMemory
INFO: [VRFC 10-2263] Analyzing Verilog file "C:/Users/mzm0175/OneDrive - Auburn University/Academics/Compuer architectute/Project/project_CPU_RET_fixed _impl_seven_segment/project_CPU.srcs/sim_1/new/MyPC_tb.v" into library xil_defaultlib
INFO: [VRFC 10-311] analyzing module MyPC_tb
INFO: [VRFC 10-2263] Analyzing Verilog file "C:/Users/mzm0175/OneDrive - Auburn University/Academics/Compuer architectute/Project/project_CPU_RET_fixed _impl_seven_segment/project_CPU.sim/sim_1/behav/glbl.v" into library xil_defaultlib
INFO: [VRFC 10-311] analyzing module glbl
INFO: [USF-XSim-69] 'compile' step finished in '1' seconds
INFO: [USF-XSim-3] XSim::Elaborate design
INFO: [USF-XSim-61] Executing 'ELABORATE' step in 'C:/Users/mzm0175/OneDrive - Auburn University/Academics/Compuer architectute/Project/project_CPU_RET_fixed _impl_seven_segment/project_CPU.sim/sim_1/behav'
Vivado Simulator 2017.2
Copyright 1986-1999, 2001-2016 Xilinx, Inc. All Rights Reserved.
Running: C:/Xilinx/Vivado/2017.2/bin/unwrapped/win64.o/xelab.exe -wto e1c5072daa4245af87b29c45515fe4d7 --debug typical --relax --mt 2 -L xil_defaultlib -L unisims_ver -L unimacro_ver -L secureip --snapshot MyPC_tb_behav xil_defaultlib.MyPC_tb xil_defaultlib.glbl -log elaborate.log 
Using 2 slave threads.
Starting static elaboration
Completed static elaboration
Starting simulation data flow analysis
Completed simulation data flow analysis
Time Resolution for simulation is 1ps
Compiling module xil_defaultlib.MUX
Compiling module xil_defaultlib.PC
Compiling module xil_defaultlib.ADDER
Compiling module xil_defaultlib.Cont
Compiling module xil_defaultlib.MUX3
Compiling module xil_defaultlib.Reg
Compiling module xil_defaultlib.SignExtend
Compiling module xil_defaultlib.ALU
Compiling module xil_defaultlib.CPU
Compiling module xil_defaultlib.insMemory
Compiling module xil_defaultlib.dataMemory
Compiling module xil_defaultlib.MyPC
Compiling module xil_defaultlib.MyPC_tb
Compiling module xil_defaultlib.glbl
Built simulation snapshot MyPC_tb_behav
INFO: [USF-XSim-69] 'elaborate' step finished in '1' seconds
Vivado Simulator 2017.2
Time resolution is 1 ps
WARNING: File descriptor (-20000) passed to $fwrite in file C:/Users/mzm0175/OneDrive - Auburn University/Academics/Compuer architectute/Project/project_CPU_RET_fixed _impl_seven_segment/project_CPU.srcs/sim_1/new/MyPC_tb.v at line 59 is not valid.
WARNING: File descriptor (-20000) passed to $fwrite in file C:/Users/mzm0175/OneDrive - Auburn University/Academics/Compuer architectute/Project/project_CPU_RET_fixed _impl_seven_segment/project_CPU.srcs/sim_1/new/MyPC_tb.v at line 59 is not valid.
WARNING: File descriptor (-20000) passed to $fwrite in file C:/Users/mzm0175/OneDrive - Auburn University/Academics/Compuer architectute/Project/project_CPU_RET_fixed _impl_seven_segment/project_CPU.srcs/sim_1/new/MyPC_tb.v at line 59 is not valid.
WARNING: File descriptor (-20000) passed to $fwrite in file C:/Users/mzm0175/OneDrive - Auburn University/Academics/Compuer architectute/Project/project_CPU_RET_fixed _impl_seven_segment/project_CPU.srcs/sim_1/new/MyPC_tb.v at line 59 is not valid.
WARNING: File descriptor (-20000) passed to $fwrite in file C:/Users/mzm0175/OneDrive - Auburn University/Academics/Compuer architectute/Project/project_CPU_RET_fixed _impl_seven_segment/project_CPU.srcs/sim_1/new/MyPC_tb.v at line 59 is not valid.
WARNING: File descriptor (-20000) passed to $fwrite in file C:/Users/mzm0175/OneDrive - Auburn University/Academics/Compuer architectute/Project/project_CPU_RET_fixed _impl_seven_segment/project_CPU.srcs/sim_1/new/MyPC_tb.v at line 59 is not valid.
reset_run synth_1
WARNING: [Vivado 12-1017] Problems encountered:
1. Failed to delete one or more files in run directory C:/Users/mzm0175/OneDrive - Auburn University/Academics/Compuer architectute/Project/project_CPU_RET_fixed _impl_seven_segment/project_CPU.runs/synth_1

launch_runs synth_1 -jobs 8
[Thu Nov 30 19:03:43 2017] Launched synth_1...
Run output will be captured here: C:/Users/mzm0175/OneDrive - Auburn University/Academics/Compuer architectute/Project/project_CPU_RET_fixed _impl_seven_segment/project_CPU.runs/synth_1/runme.log
close_sim
INFO: [Simtcl 6-16] Simulation closed
launch_simulation
INFO: [SIM-utils-51] Simulation object is 'sim_1'
INFO: [SIM-utils-54] Inspecting design source files for 'MyPC_tb' in fileset 'sim_1'...
INFO: [USF-XSim-97] Finding global include files...
INFO: [USF-XSim-98] Fetching design files from 'sim_1'...
INFO: [USF-XSim-2] XSim::Compile design
INFO: [USF-XSim-61] Executing 'COMPILE and ANALYZE' step in 'C:/Users/mzm0175/OneDrive - Auburn University/Academics/Compuer architectute/Project/project_CPU_RET_fixed _impl_seven_segment/project_CPU.sim/sim_1/behav'
"xvlog -m64 --relax -prj MyPC_tb_vlog.prj"
INFO: [VRFC 10-2263] Analyzing Verilog file "C:/Users/mzm0175/OneDrive - Auburn University/Academics/Compuer architectute/Project/project_CPU_RET_fixed _impl_seven_segment/project_CPU.srcs/sources_1/imports/new/ADDER.v" into library xil_defaultlib
INFO: [VRFC 10-311] analyzing module ADDER
INFO: [VRFC 10-2263] Analyzing Verilog file "C:/Users/mzm0175/OneDrive - Auburn University/Academics/Compuer architectute/Project/project_CPU_RET_fixed _impl_seven_segment/project_CPU.srcs/sources_1/imports/new/ALU.v" into library xil_defaultlib
INFO: [VRFC 10-311] analyzing module ALU
INFO: [VRFC 10-2263] Analyzing Verilog file "C:/Users/mzm0175/OneDrive - Auburn University/Academics/Compuer architectute/Project/project_CPU_RET_fixed _impl_seven_segment/project_CPU.srcs/sources_1/imports/new/CPU.v" into library xil_defaultlib
INFO: [VRFC 10-311] analyzing module CPU
INFO: [VRFC 10-2263] Analyzing Verilog file "C:/Users/mzm0175/OneDrive - Auburn University/Academics/Compuer architectute/Project/project_CPU_RET_fixed _impl_seven_segment/project_CPU.srcs/sources_1/imports/new/Cont.v" into library xil_defaultlib
INFO: [VRFC 10-311] analyzing module Cont
INFO: [VRFC 10-2263] Analyzing Verilog file "C:/Users/mzm0175/OneDrive - Auburn University/Academics/Compuer architectute/Project/project_CPU_RET_fixed _impl_seven_segment/project_CPU.srcs/sources_1/imports/new/InsMemory.v" into library xil_defaultlib
INFO: [VRFC 10-311] analyzing module insMemory
INFO: [VRFC 10-2263] Analyzing Verilog file "C:/Users/mzm0175/OneDrive - Auburn University/Academics/Compuer architectute/Project/project_CPU_RET_fixed _impl_seven_segment/project_CPU.srcs/sources_1/imports/new/MUX.v" into library xil_defaultlib
INFO: [VRFC 10-311] analyzing module MUX
INFO: [VRFC 10-2263] Analyzing Verilog file "C:/Users/mzm0175/OneDrive - Auburn University/Academics/Compuer architectute/Project/project_CPU_RET_fixed _impl_seven_segment/project_CPU.srcs/sources_1/imports/new/MUX3.v" into library xil_defaultlib
INFO: [VRFC 10-311] analyzing module MUX3
INFO: [VRFC 10-2263] Analyzing Verilog file "C:/Users/mzm0175/OneDrive - Auburn University/Academics/Compuer architectute/Project/project_CPU_RET_fixed _impl_seven_segment/project_CPU.srcs/sources_1/imports/new/MyPC.v" into library xil_defaultlib
INFO: [VRFC 10-311] analyzing module MyPC
INFO: [VRFC 10-2263] Analyzing Verilog file "C:/Users/mzm0175/OneDrive - Auburn University/Academics/Compuer architectute/Project/project_CPU_RET_fixed _impl_seven_segment/project_CPU.srcs/sources_1/imports/new/PC.v" into library xil_defaultlib
INFO: [VRFC 10-311] analyzing module PC
INFO: [VRFC 10-2263] Analyzing Verilog file "C:/Users/mzm0175/OneDrive - Auburn University/Academics/Compuer architectute/Project/project_CPU_RET_fixed _impl_seven_segment/project_CPU.srcs/sources_1/imports/new/Reg.v" into library xil_defaultlib
INFO: [VRFC 10-311] analyzing module Reg
INFO: [VRFC 10-2263] Analyzing Verilog file "C:/Users/mzm0175/OneDrive - Auburn University/Academics/Compuer architectute/Project/project_CPU_RET_fixed _impl_seven_segment/project_CPU.srcs/sources_1/imports/new/SignExtend.v" into library xil_defaultlib
INFO: [VRFC 10-311] analyzing module SignExtend
INFO: [VRFC 10-2263] Analyzing Verilog file "C:/Users/mzm0175/OneDrive - Auburn University/Academics/Compuer architectute/Project/project_CPU_RET_fixed _impl_seven_segment/project_CPU.srcs/sources_1/imports/new/dataMemory.v" into library xil_defaultlib
INFO: [VRFC 10-311] analyzing module dataMemory
INFO: [VRFC 10-2263] Analyzing Verilog file "C:/Users/mzm0175/OneDrive - Auburn University/Academics/Compuer architectute/Project/project_CPU_RET_fixed _impl_seven_segment/project_CPU.srcs/sim_1/new/MyPC_tb.v" into library xil_defaultlib
INFO: [VRFC 10-311] analyzing module MyPC_tb
INFO: [VRFC 10-2263] Analyzing Verilog file "C:/Users/mzm0175/OneDrive - Auburn University/Academics/Compuer architectute/Project/project_CPU_RET_fixed _impl_seven_segment/project_CPU.sim/sim_1/behav/glbl.v" into library xil_defaultlib
INFO: [VRFC 10-311] analyzing module glbl
INFO: [USF-XSim-69] 'compile' step finished in '2' seconds
INFO: [USF-XSim-3] XSim::Elaborate design
INFO: [USF-XSim-61] Executing 'ELABORATE' step in 'C:/Users/mzm0175/OneDrive - Auburn University/Academics/Compuer architectute/Project/project_CPU_RET_fixed _impl_seven_segment/project_CPU.sim/sim_1/behav'
Vivado Simulator 2017.2
Copyright 1986-1999, 2001-2016 Xilinx, Inc. All Rights Reserved.
Running: C:/Xilinx/Vivado/2017.2/bin/unwrapped/win64.o/xelab.exe -wto e1c5072daa4245af87b29c45515fe4d7 --debug typical --relax --mt 2 -L xil_defaultlib -L unisims_ver -L unimacro_ver -L secureip --snapshot MyPC_tb_behav xil_defaultlib.MyPC_tb xil_defaultlib.glbl -log elaborate.log 
Using 2 slave threads.
Starting static elaboration
Completed static elaboration
Starting simulation data flow analysis
Completed simulation data flow analysis
Time Resolution for simulation is 1ps
Compiling module xil_defaultlib.MUX
Compiling module xil_defaultlib.PC
Compiling module xil_defaultlib.ADDER
Compiling module xil_defaultlib.Cont
Compiling module xil_defaultlib.MUX3
Compiling module xil_defaultlib.Reg
Compiling module xil_defaultlib.SignExtend
Compiling module xil_defaultlib.ALU
Compiling module xil_defaultlib.CPU
Compiling module xil_defaultlib.insMemory
Compiling module xil_defaultlib.dataMemory
Compiling module xil_defaultlib.MyPC
Compiling module xil_defaultlib.MyPC_tb
Compiling module xil_defaultlib.glbl
Built simulation snapshot MyPC_tb_behav
ERROR: [Common 17-165] Too many positional options when parsing '-notrace', please type 'webtalk -help' for usage info.

INFO: [USF-XSim-69] 'elaborate' step finished in '1' seconds
INFO: [USF-XSim-4] XSim::Simulate design
INFO: [USF-XSim-61] Executing 'SIMULATE' step in 'C:/Users/mzm0175/OneDrive - Auburn University/Academics/Compuer architectute/Project/project_CPU_RET_fixed _impl_seven_segment/project_CPU.sim/sim_1/behav'
INFO: [USF-XSim-98] *** Running xsim
   with args "MyPC_tb_behav -key {Behavioral:sim_1:Functional:MyPC_tb} -tclbatch {MyPC_tb.tcl} -log {simulate.log}"
INFO: [USF-XSim-8] Loading simulator feature
Vivado Simulator 2017.2
Time resolution is 1 ps
source MyPC_tb.tcl
# set curr_wave [current_wave_config]
# if { [string length $curr_wave] == 0 } {
#   if { [llength [get_objects]] > 0} {
#     add_wave /
#     set_property needs_save false [current_wave_config]
#   } else {
#      send_msg_id Add_Wave-1 WARNING "No top level signals found. Simulator will start without a wave window. If you want to open a wave window go to 'File->New Waveform Configuration' or type 'create_wave_config' in the TCL console."
#   }
# }
# run 1000ns
WARNING: File descriptor (-20000) passed to $fwrite in file C:/Users/mzm0175/OneDrive - Auburn University/Academics/Compuer architectute/Project/project_CPU_RET_fixed _impl_seven_segment/project_CPU.srcs/sim_1/new/MyPC_tb.v at line 58 is not valid.
WARNING: File descriptor (-20000) passed to $fwrite in file C:/Users/mzm0175/OneDrive - Auburn University/Academics/Compuer architectute/Project/project_CPU_RET_fixed _impl_seven_segment/project_CPU.srcs/sim_1/new/MyPC_tb.v at line 58 is not valid.
WARNING: File descriptor (-20000) passed to $fwrite in file C:/Users/mzm0175/OneDrive - Auburn University/Academics/Compuer architectute/Project/project_CPU_RET_fixed _impl_seven_segment/project_CPU.srcs/sim_1/new/MyPC_tb.v at line 58 is not valid.
WARNING: File descriptor (-20000) passed to $fwrite in file C:/Users/mzm0175/OneDrive - Auburn University/Academics/Compuer architectute/Project/project_CPU_RET_fixed _impl_seven_segment/project_CPU.srcs/sim_1/new/MyPC_tb.v at line 58 is not valid.
WARNING: File descriptor (-20000) passed to $fwrite in file C:/Users/mzm0175/OneDrive - Auburn University/Academics/Compuer architectute/Project/project_CPU_RET_fixed _impl_seven_segment/project_CPU.srcs/sim_1/new/MyPC_tb.v at line 58 is not valid.
WARNING: File descriptor (-20000) passed to $fwrite in file C:/Users/mzm0175/OneDrive - Auburn University/Academics/Compuer architectute/Project/project_CPU_RET_fixed _impl_seven_segment/project_CPU.srcs/sim_1/new/MyPC_tb.v at line 58 is not valid.
INFO: [USF-XSim-96] XSim completed. Design snapshot 'MyPC_tb_behav' loaded.
INFO: [USF-XSim-97] XSim simulation ran for 1000ns
add_wave {{/MyPC_tb/PC0/CPU0/controller}} 
add_wave {{/MyPC_tb/PC0/Data/memWrite}} {{/MyPC_tb/PC0/Data/memRead}} {{/MyPC_tb/PC0/Data/address}} {{/MyPC_tb/PC0/Data/dataIn}} {{/MyPC_tb/PC0/Data/dataOut}} {{/MyPC_tb/PC0/Data/memory}} 
add_wave {{/MyPC_tb/PC0/CPU0/pc}} 
relaunch_sim
INFO: [SIM-utils-51] Simulation object is 'sim_1'
INFO: [SIM-utils-54] Inspecting design source files for 'MyPC_tb' in fileset 'sim_1'...
INFO: [USF-XSim-97] Finding global include files...
INFO: [USF-XSim-98] Fetching design files from 'sim_1'...
INFO: [USF-XSim-2] XSim::Compile design
INFO: [USF-XSim-61] Executing 'COMPILE and ANALYZE' step in 'C:/Users/mzm0175/OneDrive - Auburn University/Academics/Compuer architectute/Project/project_CPU_RET_fixed _impl_seven_segment/project_CPU.sim/sim_1/behav'
"xvlog -m64 --relax -prj MyPC_tb_vlog.prj"
INFO: [VRFC 10-2263] Analyzing Verilog file "C:/Users/mzm0175/OneDrive - Auburn University/Academics/Compuer architectute/Project/project_CPU_RET_fixed _impl_seven_segment/project_CPU.srcs/sources_1/imports/new/ADDER.v" into library xil_defaultlib
INFO: [VRFC 10-311] analyzing module ADDER
INFO: [VRFC 10-2263] Analyzing Verilog file "C:/Users/mzm0175/OneDrive - Auburn University/Academics/Compuer architectute/Project/project_CPU_RET_fixed _impl_seven_segment/project_CPU.srcs/sources_1/imports/new/ALU.v" into library xil_defaultlib
INFO: [VRFC 10-311] analyzing module ALU
INFO: [VRFC 10-2263] Analyzing Verilog file "C:/Users/mzm0175/OneDrive - Auburn University/Academics/Compuer architectute/Project/project_CPU_RET_fixed _impl_seven_segment/project_CPU.srcs/sources_1/imports/new/CPU.v" into library xil_defaultlib
INFO: [VRFC 10-311] analyzing module CPU
INFO: [VRFC 10-2263] Analyzing Verilog file "C:/Users/mzm0175/OneDrive - Auburn University/Academics/Compuer architectute/Project/project_CPU_RET_fixed _impl_seven_segment/project_CPU.srcs/sources_1/imports/new/Cont.v" into library xil_defaultlib
INFO: [VRFC 10-311] analyzing module Cont
INFO: [VRFC 10-2263] Analyzing Verilog file "C:/Users/mzm0175/OneDrive - Auburn University/Academics/Compuer architectute/Project/project_CPU_RET_fixed _impl_seven_segment/project_CPU.srcs/sources_1/imports/new/InsMemory.v" into library xil_defaultlib
INFO: [VRFC 10-311] analyzing module insMemory
INFO: [VRFC 10-2263] Analyzing Verilog file "C:/Users/mzm0175/OneDrive - Auburn University/Academics/Compuer architectute/Project/project_CPU_RET_fixed _impl_seven_segment/project_CPU.srcs/sources_1/imports/new/MUX.v" into library xil_defaultlib
INFO: [VRFC 10-311] analyzing module MUX
INFO: [VRFC 10-2263] Analyzing Verilog file "C:/Users/mzm0175/OneDrive - Auburn University/Academics/Compuer architectute/Project/project_CPU_RET_fixed _impl_seven_segment/project_CPU.srcs/sources_1/imports/new/MUX3.v" into library xil_defaultlib
INFO: [VRFC 10-311] analyzing module MUX3
INFO: [VRFC 10-2263] Analyzing Verilog file "C:/Users/mzm0175/OneDrive - Auburn University/Academics/Compuer architectute/Project/project_CPU_RET_fixed _impl_seven_segment/project_CPU.srcs/sources_1/imports/new/MyPC.v" into library xil_defaultlib
INFO: [VRFC 10-311] analyzing module MyPC
INFO: [VRFC 10-2263] Analyzing Verilog file "C:/Users/mzm0175/OneDrive - Auburn University/Academics/Compuer architectute/Project/project_CPU_RET_fixed _impl_seven_segment/project_CPU.srcs/sources_1/imports/new/PC.v" into library xil_defaultlib
INFO: [VRFC 10-311] analyzing module PC
INFO: [VRFC 10-2263] Analyzing Verilog file "C:/Users/mzm0175/OneDrive - Auburn University/Academics/Compuer architectute/Project/project_CPU_RET_fixed _impl_seven_segment/project_CPU.srcs/sources_1/imports/new/Reg.v" into library xil_defaultlib
INFO: [VRFC 10-311] analyzing module Reg
INFO: [VRFC 10-2263] Analyzing Verilog file "C:/Users/mzm0175/OneDrive - Auburn University/Academics/Compuer architectute/Project/project_CPU_RET_fixed _impl_seven_segment/project_CPU.srcs/sources_1/imports/new/SignExtend.v" into library xil_defaultlib
INFO: [VRFC 10-311] analyzing module SignExtend
INFO: [VRFC 10-2263] Analyzing Verilog file "C:/Users/mzm0175/OneDrive - Auburn University/Academics/Compuer architectute/Project/project_CPU_RET_fixed _impl_seven_segment/project_CPU.srcs/sources_1/imports/new/dataMemory.v" into library xil_defaultlib
INFO: [VRFC 10-311] analyzing module dataMemory
INFO: [VRFC 10-2263] Analyzing Verilog file "C:/Users/mzm0175/OneDrive - Auburn University/Academics/Compuer architectute/Project/project_CPU_RET_fixed _impl_seven_segment/project_CPU.srcs/sim_1/new/MyPC_tb.v" into library xil_defaultlib
INFO: [VRFC 10-311] analyzing module MyPC_tb
INFO: [VRFC 10-2263] Analyzing Verilog file "C:/Users/mzm0175/OneDrive - Auburn University/Academics/Compuer architectute/Project/project_CPU_RET_fixed _impl_seven_segment/project_CPU.sim/sim_1/behav/glbl.v" into library xil_defaultlib
INFO: [VRFC 10-311] analyzing module glbl
INFO: [USF-XSim-69] 'compile' step finished in '1' seconds
INFO: [USF-XSim-3] XSim::Elaborate design
INFO: [USF-XSim-61] Executing 'ELABORATE' step in 'C:/Users/mzm0175/OneDrive - Auburn University/Academics/Compuer architectute/Project/project_CPU_RET_fixed _impl_seven_segment/project_CPU.sim/sim_1/behav'
Vivado Simulator 2017.2
Copyright 1986-1999, 2001-2016 Xilinx, Inc. All Rights Reserved.
Running: C:/Xilinx/Vivado/2017.2/bin/unwrapped/win64.o/xelab.exe -wto e1c5072daa4245af87b29c45515fe4d7 --debug typical --relax --mt 2 -L xil_defaultlib -L unisims_ver -L unimacro_ver -L secureip --snapshot MyPC_tb_behav xil_defaultlib.MyPC_tb xil_defaultlib.glbl -log elaborate.log 
Using 2 slave threads.
Starting static elaboration
Completed static elaboration
Starting simulation data flow analysis
Completed simulation data flow analysis
Time Resolution for simulation is 1ps
Compiling module xil_defaultlib.MUX
Compiling module xil_defaultlib.PC
Compiling module xil_defaultlib.ADDER
Compiling module xil_defaultlib.Cont
Compiling module xil_defaultlib.MUX3
Compiling module xil_defaultlib.Reg
Compiling module xil_defaultlib.SignExtend
Compiling module xil_defaultlib.ALU
Compiling module xil_defaultlib.CPU
Compiling module xil_defaultlib.insMemory
Compiling module xil_defaultlib.dataMemory
Compiling module xil_defaultlib.MyPC
Compiling module xil_defaultlib.MyPC_tb
Compiling module xil_defaultlib.glbl
Built simulation snapshot MyPC_tb_behav
INFO: [USF-XSim-69] 'elaborate' step finished in '1' seconds
Vivado Simulator 2017.2
Time resolution is 1 ps
WARNING: File descriptor (-20000) passed to $fwrite in file C:/Users/mzm0175/OneDrive - Auburn University/Academics/Compuer architectute/Project/project_CPU_RET_fixed _impl_seven_segment/project_CPU.srcs/sim_1/new/MyPC_tb.v at line 58 is not valid.
WARNING: File descriptor (-20000) passed to $fwrite in file C:/Users/mzm0175/OneDrive - Auburn University/Academics/Compuer architectute/Project/project_CPU_RET_fixed _impl_seven_segment/project_CPU.srcs/sim_1/new/MyPC_tb.v at line 58 is not valid.
WARNING: File descriptor (-20000) passed to $fwrite in file C:/Users/mzm0175/OneDrive - Auburn University/Academics/Compuer architectute/Project/project_CPU_RET_fixed _impl_seven_segment/project_CPU.srcs/sim_1/new/MyPC_tb.v at line 58 is not valid.
WARNING: File descriptor (-20000) passed to $fwrite in file C:/Users/mzm0175/OneDrive - Auburn University/Academics/Compuer architectute/Project/project_CPU_RET_fixed _impl_seven_segment/project_CPU.srcs/sim_1/new/MyPC_tb.v at line 58 is not valid.
WARNING: File descriptor (-20000) passed to $fwrite in file C:/Users/mzm0175/OneDrive - Auburn University/Academics/Compuer architectute/Project/project_CPU_RET_fixed _impl_seven_segment/project_CPU.srcs/sim_1/new/MyPC_tb.v at line 58 is not valid.
WARNING: File descriptor (-20000) passed to $fwrite in file C:/Users/mzm0175/OneDrive - Auburn University/Academics/Compuer architectute/Project/project_CPU_RET_fixed _impl_seven_segment/project_CPU.srcs/sim_1/new/MyPC_tb.v at line 58 is not valid.
reset_run synth_1
WARNING: [Vivado 12-1017] Problems encountered:
1. Failed to delete one or more files in run directory C:/Users/mzm0175/OneDrive - Auburn University/Academics/Compuer architectute/Project/project_CPU_RET_fixed _impl_seven_segment/project_CPU.runs/synth_1

launch_runs synth_1 -jobs 8
[Thu Nov 30 19:18:58 2017] Launched synth_1...
Run output will be captured here: C:/Users/mzm0175/OneDrive - Auburn University/Academics/Compuer architectute/Project/project_CPU_RET_fixed _impl_seven_segment/project_CPU.runs/synth_1/runme.log
close_sim
INFO: [Simtcl 6-16] Simulation closed
launch_simulation
INFO: [SIM-utils-51] Simulation object is 'sim_1'
INFO: [SIM-utils-54] Inspecting design source files for 'MyPC_tb' in fileset 'sim_1'...
INFO: [USF-XSim-97] Finding global include files...
INFO: [USF-XSim-98] Fetching design files from 'sim_1'...
INFO: [USF-XSim-2] XSim::Compile design
INFO: [USF-XSim-61] Executing 'COMPILE and ANALYZE' step in 'C:/Users/mzm0175/OneDrive - Auburn University/Academics/Compuer architectute/Project/project_CPU_RET_fixed _impl_seven_segment/project_CPU.sim/sim_1/behav'
"xvlog -m64 --relax -prj MyPC_tb_vlog.prj"
INFO: [VRFC 10-2263] Analyzing Verilog file "C:/Users/mzm0175/OneDrive - Auburn University/Academics/Compuer architectute/Project/project_CPU_RET_fixed _impl_seven_segment/project_CPU.srcs/sources_1/imports/new/ADDER.v" into library xil_defaultlib
INFO: [VRFC 10-311] analyzing module ADDER
INFO: [VRFC 10-2263] Analyzing Verilog file "C:/Users/mzm0175/OneDrive - Auburn University/Academics/Compuer architectute/Project/project_CPU_RET_fixed _impl_seven_segment/project_CPU.srcs/sources_1/imports/new/ALU.v" into library xil_defaultlib
INFO: [VRFC 10-311] analyzing module ALU
INFO: [VRFC 10-2263] Analyzing Verilog file "C:/Users/mzm0175/OneDrive - Auburn University/Academics/Compuer architectute/Project/project_CPU_RET_fixed _impl_seven_segment/project_CPU.srcs/sources_1/imports/new/CPU.v" into library xil_defaultlib
INFO: [VRFC 10-311] analyzing module CPU
INFO: [VRFC 10-2263] Analyzing Verilog file "C:/Users/mzm0175/OneDrive - Auburn University/Academics/Compuer architectute/Project/project_CPU_RET_fixed _impl_seven_segment/project_CPU.srcs/sources_1/imports/new/Cont.v" into library xil_defaultlib
INFO: [VRFC 10-311] analyzing module Cont
INFO: [VRFC 10-2263] Analyzing Verilog file "C:/Users/mzm0175/OneDrive - Auburn University/Academics/Compuer architectute/Project/project_CPU_RET_fixed _impl_seven_segment/project_CPU.srcs/sources_1/imports/new/InsMemory.v" into library xil_defaultlib
INFO: [VRFC 10-311] analyzing module insMemory
INFO: [VRFC 10-2263] Analyzing Verilog file "C:/Users/mzm0175/OneDrive - Auburn University/Academics/Compuer architectute/Project/project_CPU_RET_fixed _impl_seven_segment/project_CPU.srcs/sources_1/imports/new/MUX.v" into library xil_defaultlib
INFO: [VRFC 10-311] analyzing module MUX
INFO: [VRFC 10-2263] Analyzing Verilog file "C:/Users/mzm0175/OneDrive - Auburn University/Academics/Compuer architectute/Project/project_CPU_RET_fixed _impl_seven_segment/project_CPU.srcs/sources_1/imports/new/MUX3.v" into library xil_defaultlib
INFO: [VRFC 10-311] analyzing module MUX3
INFO: [VRFC 10-2263] Analyzing Verilog file "C:/Users/mzm0175/OneDrive - Auburn University/Academics/Compuer architectute/Project/project_CPU_RET_fixed _impl_seven_segment/project_CPU.srcs/sources_1/imports/new/MyPC.v" into library xil_defaultlib
INFO: [VRFC 10-311] analyzing module MyPC
INFO: [VRFC 10-2263] Analyzing Verilog file "C:/Users/mzm0175/OneDrive - Auburn University/Academics/Compuer architectute/Project/project_CPU_RET_fixed _impl_seven_segment/project_CPU.srcs/sources_1/imports/new/PC.v" into library xil_defaultlib
INFO: [VRFC 10-311] analyzing module PC
INFO: [VRFC 10-2263] Analyzing Verilog file "C:/Users/mzm0175/OneDrive - Auburn University/Academics/Compuer architectute/Project/project_CPU_RET_fixed _impl_seven_segment/project_CPU.srcs/sources_1/imports/new/Reg.v" into library xil_defaultlib
INFO: [VRFC 10-311] analyzing module Reg
INFO: [VRFC 10-2263] Analyzing Verilog file "C:/Users/mzm0175/OneDrive - Auburn University/Academics/Compuer architectute/Project/project_CPU_RET_fixed _impl_seven_segment/project_CPU.srcs/sources_1/imports/new/SignExtend.v" into library xil_defaultlib
INFO: [VRFC 10-311] analyzing module SignExtend
INFO: [VRFC 10-2263] Analyzing Verilog file "C:/Users/mzm0175/OneDrive - Auburn University/Academics/Compuer architectute/Project/project_CPU_RET_fixed _impl_seven_segment/project_CPU.srcs/sources_1/imports/new/dataMemory.v" into library xil_defaultlib
INFO: [VRFC 10-311] analyzing module dataMemory
INFO: [VRFC 10-2263] Analyzing Verilog file "C:/Users/mzm0175/OneDrive - Auburn University/Academics/Compuer architectute/Project/project_CPU_RET_fixed _impl_seven_segment/project_CPU.srcs/sim_1/new/MyPC_tb.v" into library xil_defaultlib
INFO: [VRFC 10-311] analyzing module MyPC_tb
INFO: [VRFC 10-2263] Analyzing Verilog file "C:/Users/mzm0175/OneDrive - Auburn University/Academics/Compuer architectute/Project/project_CPU_RET_fixed _impl_seven_segment/project_CPU.sim/sim_1/behav/glbl.v" into library xil_defaultlib
INFO: [VRFC 10-311] analyzing module glbl
INFO: [USF-XSim-69] 'compile' step finished in '1' seconds
INFO: [USF-XSim-3] XSim::Elaborate design
INFO: [USF-XSim-61] Executing 'ELABORATE' step in 'C:/Users/mzm0175/OneDrive - Auburn University/Academics/Compuer architectute/Project/project_CPU_RET_fixed _impl_seven_segment/project_CPU.sim/sim_1/behav'
Vivado Simulator 2017.2
Copyright 1986-1999, 2001-2016 Xilinx, Inc. All Rights Reserved.
Running: C:/Xilinx/Vivado/2017.2/bin/unwrapped/win64.o/xelab.exe -wto e1c5072daa4245af87b29c45515fe4d7 --debug typical --relax --mt 2 -L xil_defaultlib -L unisims_ver -L unimacro_ver -L secureip --snapshot MyPC_tb_behav xil_defaultlib.MyPC_tb xil_defaultlib.glbl -log elaborate.log 
Using 2 slave threads.
Starting static elaboration
Completed static elaboration
Starting simulation data flow analysis
Completed simulation data flow analysis
Time Resolution for simulation is 1ps
Compiling module xil_defaultlib.MUX
Compiling module xil_defaultlib.PC
Compiling module xil_defaultlib.ADDER
Compiling module xil_defaultlib.Cont
Compiling module xil_defaultlib.MUX3
Compiling module xil_defaultlib.Reg
Compiling module xil_defaultlib.SignExtend
Compiling module xil_defaultlib.ALU
Compiling module xil_defaultlib.CPU
Compiling module xil_defaultlib.insMemory
Compiling module xil_defaultlib.dataMemory
Compiling module xil_defaultlib.MyPC
Compiling module xil_defaultlib.MyPC_tb
Compiling module xil_defaultlib.glbl
Built simulation snapshot MyPC_tb_behav
ERROR: [Common 17-165] Too many positional options when parsing '-notrace', please type 'webtalk -help' for usage info.

INFO: [USF-XSim-69] 'elaborate' step finished in '1' seconds
INFO: [USF-XSim-4] XSim::Simulate design
INFO: [USF-XSim-61] Executing 'SIMULATE' step in 'C:/Users/mzm0175/OneDrive - Auburn University/Academics/Compuer architectute/Project/project_CPU_RET_fixed _impl_seven_segment/project_CPU.sim/sim_1/behav'
INFO: [USF-XSim-98] *** Running xsim
   with args "MyPC_tb_behav -key {Behavioral:sim_1:Functional:MyPC_tb} -tclbatch {MyPC_tb.tcl} -log {simulate.log}"
INFO: [USF-XSim-8] Loading simulator feature
Vivado Simulator 2017.2
Time resolution is 1 ps
source MyPC_tb.tcl
# set curr_wave [current_wave_config]
# if { [string length $curr_wave] == 0 } {
#   if { [llength [get_objects]] > 0} {
#     add_wave /
#     set_property needs_save false [current_wave_config]
#   } else {
#      send_msg_id Add_Wave-1 WARNING "No top level signals found. Simulator will start without a wave window. If you want to open a wave window go to 'File->New Waveform Configuration' or type 'create_wave_config' in the TCL console."
#   }
# }
# run 1000ns
WARNING: File descriptor (-20000) passed to $fwrite in file C:/Users/mzm0175/OneDrive - Auburn University/Academics/Compuer architectute/Project/project_CPU_RET_fixed _impl_seven_segment/project_CPU.srcs/sim_1/new/MyPC_tb.v at line 58 is not valid.
WARNING: File descriptor (-20000) passed to $fwrite in file C:/Users/mzm0175/OneDrive - Auburn University/Academics/Compuer architectute/Project/project_CPU_RET_fixed _impl_seven_segment/project_CPU.srcs/sim_1/new/MyPC_tb.v at line 58 is not valid.
WARNING: File descriptor (-20000) passed to $fwrite in file C:/Users/mzm0175/OneDrive - Auburn University/Academics/Compuer architectute/Project/project_CPU_RET_fixed _impl_seven_segment/project_CPU.srcs/sim_1/new/MyPC_tb.v at line 58 is not valid.
WARNING: File descriptor (-20000) passed to $fwrite in file C:/Users/mzm0175/OneDrive - Auburn University/Academics/Compuer architectute/Project/project_CPU_RET_fixed _impl_seven_segment/project_CPU.srcs/sim_1/new/MyPC_tb.v at line 58 is not valid.
WARNING: File descriptor (-20000) passed to $fwrite in file C:/Users/mzm0175/OneDrive - Auburn University/Academics/Compuer architectute/Project/project_CPU_RET_fixed _impl_seven_segment/project_CPU.srcs/sim_1/new/MyPC_tb.v at line 58 is not valid.
WARNING: File descriptor (-20000) passed to $fwrite in file C:/Users/mzm0175/OneDrive - Auburn University/Academics/Compuer architectute/Project/project_CPU_RET_fixed _impl_seven_segment/project_CPU.srcs/sim_1/new/MyPC_tb.v at line 58 is not valid.
INFO: [USF-XSim-96] XSim completed. Design snapshot 'MyPC_tb_behav' loaded.
INFO: [USF-XSim-97] XSim simulation ran for 1000ns
add_wave {{/MyPC_tb/PC0/Data}} 
add_wave {{/MyPC_tb/PC0/CPU0/controller}} 
relaunch_sim
INFO: [SIM-utils-51] Simulation object is 'sim_1'
INFO: [SIM-utils-54] Inspecting design source files for 'MyPC_tb' in fileset 'sim_1'...
INFO: [USF-XSim-97] Finding global include files...
INFO: [USF-XSim-98] Fetching design files from 'sim_1'...
INFO: [USF-XSim-2] XSim::Compile design
INFO: [USF-XSim-61] Executing 'COMPILE and ANALYZE' step in 'C:/Users/mzm0175/OneDrive - Auburn University/Academics/Compuer architectute/Project/project_CPU_RET_fixed _impl_seven_segment/project_CPU.sim/sim_1/behav'
"xvlog -m64 --relax -prj MyPC_tb_vlog.prj"
INFO: [VRFC 10-2263] Analyzing Verilog file "C:/Users/mzm0175/OneDrive - Auburn University/Academics/Compuer architectute/Project/project_CPU_RET_fixed _impl_seven_segment/project_CPU.srcs/sources_1/imports/new/ADDER.v" into library xil_defaultlib
INFO: [VRFC 10-311] analyzing module ADDER
INFO: [VRFC 10-2263] Analyzing Verilog file "C:/Users/mzm0175/OneDrive - Auburn University/Academics/Compuer architectute/Project/project_CPU_RET_fixed _impl_seven_segment/project_CPU.srcs/sources_1/imports/new/ALU.v" into library xil_defaultlib
INFO: [VRFC 10-311] analyzing module ALU
INFO: [VRFC 10-2263] Analyzing Verilog file "C:/Users/mzm0175/OneDrive - Auburn University/Academics/Compuer architectute/Project/project_CPU_RET_fixed _impl_seven_segment/project_CPU.srcs/sources_1/imports/new/CPU.v" into library xil_defaultlib
INFO: [VRFC 10-311] analyzing module CPU
INFO: [VRFC 10-2263] Analyzing Verilog file "C:/Users/mzm0175/OneDrive - Auburn University/Academics/Compuer architectute/Project/project_CPU_RET_fixed _impl_seven_segment/project_CPU.srcs/sources_1/imports/new/Cont.v" into library xil_defaultlib
INFO: [VRFC 10-311] analyzing module Cont
INFO: [VRFC 10-2263] Analyzing Verilog file "C:/Users/mzm0175/OneDrive - Auburn University/Academics/Compuer architectute/Project/project_CPU_RET_fixed _impl_seven_segment/project_CPU.srcs/sources_1/imports/new/InsMemory.v" into library xil_defaultlib
INFO: [VRFC 10-311] analyzing module insMemory
INFO: [VRFC 10-2263] Analyzing Verilog file "C:/Users/mzm0175/OneDrive - Auburn University/Academics/Compuer architectute/Project/project_CPU_RET_fixed _impl_seven_segment/project_CPU.srcs/sources_1/imports/new/MUX.v" into library xil_defaultlib
INFO: [VRFC 10-311] analyzing module MUX
INFO: [VRFC 10-2263] Analyzing Verilog file "C:/Users/mzm0175/OneDrive - Auburn University/Academics/Compuer architectute/Project/project_CPU_RET_fixed _impl_seven_segment/project_CPU.srcs/sources_1/imports/new/MUX3.v" into library xil_defaultlib
INFO: [VRFC 10-311] analyzing module MUX3
INFO: [VRFC 10-2263] Analyzing Verilog file "C:/Users/mzm0175/OneDrive - Auburn University/Academics/Compuer architectute/Project/project_CPU_RET_fixed _impl_seven_segment/project_CPU.srcs/sources_1/imports/new/MyPC.v" into library xil_defaultlib
INFO: [VRFC 10-311] analyzing module MyPC
INFO: [VRFC 10-2263] Analyzing Verilog file "C:/Users/mzm0175/OneDrive - Auburn University/Academics/Compuer architectute/Project/project_CPU_RET_fixed _impl_seven_segment/project_CPU.srcs/sources_1/imports/new/PC.v" into library xil_defaultlib
INFO: [VRFC 10-311] analyzing module PC
INFO: [VRFC 10-2263] Analyzing Verilog file "C:/Users/mzm0175/OneDrive - Auburn University/Academics/Compuer architectute/Project/project_CPU_RET_fixed _impl_seven_segment/project_CPU.srcs/sources_1/imports/new/Reg.v" into library xil_defaultlib
INFO: [VRFC 10-311] analyzing module Reg
INFO: [VRFC 10-2263] Analyzing Verilog file "C:/Users/mzm0175/OneDrive - Auburn University/Academics/Compuer architectute/Project/project_CPU_RET_fixed _impl_seven_segment/project_CPU.srcs/sources_1/imports/new/SignExtend.v" into library xil_defaultlib
INFO: [VRFC 10-311] analyzing module SignExtend
INFO: [VRFC 10-2263] Analyzing Verilog file "C:/Users/mzm0175/OneDrive - Auburn University/Academics/Compuer architectute/Project/project_CPU_RET_fixed _impl_seven_segment/project_CPU.srcs/sources_1/imports/new/dataMemory.v" into library xil_defaultlib
INFO: [VRFC 10-311] analyzing module dataMemory
INFO: [VRFC 10-2263] Analyzing Verilog file "C:/Users/mzm0175/OneDrive - Auburn University/Academics/Compuer architectute/Project/project_CPU_RET_fixed _impl_seven_segment/project_CPU.srcs/sim_1/new/MyPC_tb.v" into library xil_defaultlib
INFO: [VRFC 10-311] analyzing module MyPC_tb
INFO: [VRFC 10-2263] Analyzing Verilog file "C:/Users/mzm0175/OneDrive - Auburn University/Academics/Compuer architectute/Project/project_CPU_RET_fixed _impl_seven_segment/project_CPU.sim/sim_1/behav/glbl.v" into library xil_defaultlib
INFO: [VRFC 10-311] analyzing module glbl
INFO: [USF-XSim-69] 'compile' step finished in '1' seconds
INFO: [USF-XSim-3] XSim::Elaborate design
INFO: [USF-XSim-61] Executing 'ELABORATE' step in 'C:/Users/mzm0175/OneDrive - Auburn University/Academics/Compuer architectute/Project/project_CPU_RET_fixed _impl_seven_segment/project_CPU.sim/sim_1/behav'
Vivado Simulator 2017.2
Copyright 1986-1999, 2001-2016 Xilinx, Inc. All Rights Reserved.
Running: C:/Xilinx/Vivado/2017.2/bin/unwrapped/win64.o/xelab.exe -wto e1c5072daa4245af87b29c45515fe4d7 --debug typical --relax --mt 2 -L xil_defaultlib -L unisims_ver -L unimacro_ver -L secureip --snapshot MyPC_tb_behav xil_defaultlib.MyPC_tb xil_defaultlib.glbl -log elaborate.log 
Using 2 slave threads.
Starting static elaboration
Completed static elaboration
Starting simulation data flow analysis
Completed simulation data flow analysis
Time Resolution for simulation is 1ps
Compiling module xil_defaultlib.MUX
Compiling module xil_defaultlib.PC
Compiling module xil_defaultlib.ADDER
Compiling module xil_defaultlib.Cont
Compiling module xil_defaultlib.MUX3
Compiling module xil_defaultlib.Reg
Compiling module xil_defaultlib.SignExtend
Compiling module xil_defaultlib.ALU
Compiling module xil_defaultlib.CPU
Compiling module xil_defaultlib.insMemory
Compiling module xil_defaultlib.dataMemory
Compiling module xil_defaultlib.MyPC
Compiling module xil_defaultlib.MyPC_tb
Compiling module xil_defaultlib.glbl
Built simulation snapshot MyPC_tb_behav
INFO: [USF-XSim-69] 'elaborate' step finished in '1' seconds
Vivado Simulator 2017.2
Time resolution is 1 ps
WARNING: File descriptor (-20000) passed to $fwrite in file C:/Users/mzm0175/OneDrive - Auburn University/Academics/Compuer architectute/Project/project_CPU_RET_fixed _impl_seven_segment/project_CPU.srcs/sim_1/new/MyPC_tb.v at line 58 is not valid.
WARNING: File descriptor (-20000) passed to $fwrite in file C:/Users/mzm0175/OneDrive - Auburn University/Academics/Compuer architectute/Project/project_CPU_RET_fixed _impl_seven_segment/project_CPU.srcs/sim_1/new/MyPC_tb.v at line 58 is not valid.
WARNING: File descriptor (-20000) passed to $fwrite in file C:/Users/mzm0175/OneDrive - Auburn University/Academics/Compuer architectute/Project/project_CPU_RET_fixed _impl_seven_segment/project_CPU.srcs/sim_1/new/MyPC_tb.v at line 58 is not valid.
WARNING: File descriptor (-20000) passed to $fwrite in file C:/Users/mzm0175/OneDrive - Auburn University/Academics/Compuer architectute/Project/project_CPU_RET_fixed _impl_seven_segment/project_CPU.srcs/sim_1/new/MyPC_tb.v at line 58 is not valid.
WARNING: File descriptor (-20000) passed to $fwrite in file C:/Users/mzm0175/OneDrive - Auburn University/Academics/Compuer architectute/Project/project_CPU_RET_fixed _impl_seven_segment/project_CPU.srcs/sim_1/new/MyPC_tb.v at line 58 is not valid.
WARNING: File descriptor (-20000) passed to $fwrite in file C:/Users/mzm0175/OneDrive - Auburn University/Academics/Compuer architectute/Project/project_CPU_RET_fixed _impl_seven_segment/project_CPU.srcs/sim_1/new/MyPC_tb.v at line 58 is not valid.
launch_runs impl_1 -jobs 8
WARNING: [Project 1-478] Design 'synth_1' is stale and will not be used when launching 'impl_1'
[Thu Nov 30 19:39:47 2017] Launched impl_1...
Run output will be captured here: C:/Users/mzm0175/OneDrive - Auburn University/Academics/Compuer architectute/Project/project_CPU_RET_fixed _impl_seven_segment/project_CPU.runs/impl_1/runme.log
current_design impl_1
refresh_design
INFO: [Netlist 29-17] Analyzing 90 Unisim elements for replacement
INFO: [Netlist 29-28] Unisim Transformation completed in 0 CPU seconds
INFO: [Project 1-479] Netlist was created with Vivado 2017.2
INFO: [Project 1-570] Preparing netlist for logic optimization
Parsing XDC File [C:/Users/mzm0175/OneDrive - Auburn University/Academics/Compuer architectute/Project/project_CPU_RET_fixed _impl_seven_segment/.Xil/Vivado-5860-ELECA81/dcp35/Test_PC.xdc]
Finished Parsing XDC File [C:/Users/mzm0175/OneDrive - Auburn University/Academics/Compuer architectute/Project/project_CPU_RET_fixed _impl_seven_segment/.Xil/Vivado-5860-ELECA81/dcp35/Test_PC.xdc]
Reading XDEF placement.
Reading placer database...
Reading XDEF routing.
Read XDEF File: Time (s): cpu = 00:00:00 ; elapsed = 00:00:00.133 . Memory (MB): peak = 2287.148 ; gain = 0.000
Restored from archive | CPU: 1.000000 secs | Memory: 0.000000 MB |
Finished XDEF File Restore: Time (s): cpu = 00:00:00 ; elapsed = 00:00:00.133 . Memory (MB): peak = 2287.148 ; gain = 0.000
refresh_design: Time (s): cpu = 00:00:10 ; elapsed = 00:00:06 . Memory (MB): peak = 2295.246 ; gain = 8.098
CRITICAL WARNING: [Timing 38-282] The design failed to meet the timing requirements. Please see the timing summary report for details on the timing violations.
add_wave {{/MyPC_tb/PC0}} 
add_wave {{/MyPC_tb/PC0/CPU0/controller}} 
add_wave {{/MyPC_tb/PC0/CPU0/Registers}} 
add_wave {{/MyPC_tb/PC0/Data}} 
add_wave {{/MyPC_tb/PC0/CPU0/ALU_0}} 
add_wave {{/MyPC_tb/PC0/CPU0/insAddress}} {{/MyPC_tb/PC0/CPU0/dataAddress}} 
add_wave {{/MyPC_tb/PC0/CPU0/pc}} 
relaunch_sim
INFO: [SIM-utils-51] Simulation object is 'sim_1'
INFO: [SIM-utils-54] Inspecting design source files for 'MyPC_tb' in fileset 'sim_1'...
INFO: [USF-XSim-97] Finding global include files...
INFO: [USF-XSim-98] Fetching design files from 'sim_1'...
INFO: [USF-XSim-2] XSim::Compile design
INFO: [USF-XSim-61] Executing 'COMPILE and ANALYZE' step in 'C:/Users/mzm0175/OneDrive - Auburn University/Academics/Compuer architectute/Project/project_CPU_RET_fixed _impl_seven_segment/project_CPU.sim/sim_1/behav'
"xvlog -m64 --relax -prj MyPC_tb_vlog.prj"
INFO: [VRFC 10-2263] Analyzing Verilog file "C:/Users/mzm0175/OneDrive - Auburn University/Academics/Compuer architectute/Project/project_CPU_RET_fixed _impl_seven_segment/project_CPU.srcs/sources_1/imports/new/ADDER.v" into library xil_defaultlib
INFO: [VRFC 10-311] analyzing module ADDER
INFO: [VRFC 10-2263] Analyzing Verilog file "C:/Users/mzm0175/OneDrive - Auburn University/Academics/Compuer architectute/Project/project_CPU_RET_fixed _impl_seven_segment/project_CPU.srcs/sources_1/imports/new/ALU.v" into library xil_defaultlib
INFO: [VRFC 10-311] analyzing module ALU
INFO: [VRFC 10-2263] Analyzing Verilog file "C:/Users/mzm0175/OneDrive - Auburn University/Academics/Compuer architectute/Project/project_CPU_RET_fixed _impl_seven_segment/project_CPU.srcs/sources_1/imports/new/CPU.v" into library xil_defaultlib
INFO: [VRFC 10-311] analyzing module CPU
INFO: [VRFC 10-2263] Analyzing Verilog file "C:/Users/mzm0175/OneDrive - Auburn University/Academics/Compuer architectute/Project/project_CPU_RET_fixed _impl_seven_segment/project_CPU.srcs/sources_1/imports/new/Cont.v" into library xil_defaultlib
INFO: [VRFC 10-311] analyzing module Cont
INFO: [VRFC 10-2263] Analyzing Verilog file "C:/Users/mzm0175/OneDrive - Auburn University/Academics/Compuer architectute/Project/project_CPU_RET_fixed _impl_seven_segment/project_CPU.srcs/sources_1/imports/new/InsMemory.v" into library xil_defaultlib
INFO: [VRFC 10-311] analyzing module insMemory
INFO: [VRFC 10-2263] Analyzing Verilog file "C:/Users/mzm0175/OneDrive - Auburn University/Academics/Compuer architectute/Project/project_CPU_RET_fixed _impl_seven_segment/project_CPU.srcs/sources_1/imports/new/MUX.v" into library xil_defaultlib
INFO: [VRFC 10-311] analyzing module MUX
INFO: [VRFC 10-2263] Analyzing Verilog file "C:/Users/mzm0175/OneDrive - Auburn University/Academics/Compuer architectute/Project/project_CPU_RET_fixed _impl_seven_segment/project_CPU.srcs/sources_1/imports/new/MUX3.v" into library xil_defaultlib
INFO: [VRFC 10-311] analyzing module MUX3
INFO: [VRFC 10-2263] Analyzing Verilog file "C:/Users/mzm0175/OneDrive - Auburn University/Academics/Compuer architectute/Project/project_CPU_RET_fixed _impl_seven_segment/project_CPU.srcs/sources_1/imports/new/MyPC.v" into library xil_defaultlib
INFO: [VRFC 10-311] analyzing module MyPC
INFO: [VRFC 10-2263] Analyzing Verilog file "C:/Users/mzm0175/OneDrive - Auburn University/Academics/Compuer architectute/Project/project_CPU_RET_fixed _impl_seven_segment/project_CPU.srcs/sources_1/imports/new/PC.v" into library xil_defaultlib
INFO: [VRFC 10-311] analyzing module PC
INFO: [VRFC 10-2263] Analyzing Verilog file "C:/Users/mzm0175/OneDrive - Auburn University/Academics/Compuer architectute/Project/project_CPU_RET_fixed _impl_seven_segment/project_CPU.srcs/sources_1/imports/new/Reg.v" into library xil_defaultlib
INFO: [VRFC 10-311] analyzing module Reg
INFO: [VRFC 10-2263] Analyzing Verilog file "C:/Users/mzm0175/OneDrive - Auburn University/Academics/Compuer architectute/Project/project_CPU_RET_fixed _impl_seven_segment/project_CPU.srcs/sources_1/imports/new/SignExtend.v" into library xil_defaultlib
INFO: [VRFC 10-311] analyzing module SignExtend
INFO: [VRFC 10-2263] Analyzing Verilog file "C:/Users/mzm0175/OneDrive - Auburn University/Academics/Compuer architectute/Project/project_CPU_RET_fixed _impl_seven_segment/project_CPU.srcs/sources_1/imports/new/dataMemory.v" into library xil_defaultlib
INFO: [VRFC 10-311] analyzing module dataMemory
INFO: [VRFC 10-2263] Analyzing Verilog file "C:/Users/mzm0175/OneDrive - Auburn University/Academics/Compuer architectute/Project/project_CPU_RET_fixed _impl_seven_segment/project_CPU.srcs/sim_1/new/MyPC_tb.v" into library xil_defaultlib
INFO: [VRFC 10-311] analyzing module MyPC_tb
INFO: [VRFC 10-2263] Analyzing Verilog file "C:/Users/mzm0175/OneDrive - Auburn University/Academics/Compuer architectute/Project/project_CPU_RET_fixed _impl_seven_segment/project_CPU.sim/sim_1/behav/glbl.v" into library xil_defaultlib
INFO: [VRFC 10-311] analyzing module glbl
INFO: [USF-XSim-69] 'compile' step finished in '1' seconds
INFO: [USF-XSim-3] XSim::Elaborate design
INFO: [USF-XSim-61] Executing 'ELABORATE' step in 'C:/Users/mzm0175/OneDrive - Auburn University/Academics/Compuer architectute/Project/project_CPU_RET_fixed _impl_seven_segment/project_CPU.sim/sim_1/behav'
Vivado Simulator 2017.2
Copyright 1986-1999, 2001-2016 Xilinx, Inc. All Rights Reserved.
Running: C:/Xilinx/Vivado/2017.2/bin/unwrapped/win64.o/xelab.exe -wto e1c5072daa4245af87b29c45515fe4d7 --debug typical --relax --mt 2 -L xil_defaultlib -L unisims_ver -L unimacro_ver -L secureip --snapshot MyPC_tb_behav xil_defaultlib.MyPC_tb xil_defaultlib.glbl -log elaborate.log 
Using 2 slave threads.
Starting static elaboration
Completed static elaboration
Starting simulation data flow analysis
Completed simulation data flow analysis
Time Resolution for simulation is 1ps
Compiling module xil_defaultlib.MUX
Compiling module xil_defaultlib.PC
Compiling module xil_defaultlib.ADDER
Compiling module xil_defaultlib.Cont
Compiling module xil_defaultlib.MUX3
Compiling module xil_defaultlib.Reg
Compiling module xil_defaultlib.SignExtend
Compiling module xil_defaultlib.ALU
Compiling module xil_defaultlib.CPU
Compiling module xil_defaultlib.insMemory
Compiling module xil_defaultlib.dataMemory
Compiling module xil_defaultlib.MyPC
Compiling module xil_defaultlib.MyPC_tb
Compiling module xil_defaultlib.glbl
Built simulation snapshot MyPC_tb_behav
INFO: [USF-XSim-69] 'elaborate' step finished in '1' seconds
Vivado Simulator 2017.2
Time resolution is 1 ps
WARNING: File descriptor (-20000) passed to $fwrite in file C:/Users/mzm0175/OneDrive - Auburn University/Academics/Compuer architectute/Project/project_CPU_RET_fixed _impl_seven_segment/project_CPU.srcs/sim_1/new/MyPC_tb.v at line 58 is not valid.
WARNING: File descriptor (-20000) passed to $fwrite in file C:/Users/mzm0175/OneDrive - Auburn University/Academics/Compuer architectute/Project/project_CPU_RET_fixed _impl_seven_segment/project_CPU.srcs/sim_1/new/MyPC_tb.v at line 58 is not valid.
WARNING: File descriptor (-20000) passed to $fwrite in file C:/Users/mzm0175/OneDrive - Auburn University/Academics/Compuer architectute/Project/project_CPU_RET_fixed _impl_seven_segment/project_CPU.srcs/sim_1/new/MyPC_tb.v at line 58 is not valid.
WARNING: File descriptor (-20000) passed to $fwrite in file C:/Users/mzm0175/OneDrive - Auburn University/Academics/Compuer architectute/Project/project_CPU_RET_fixed _impl_seven_segment/project_CPU.srcs/sim_1/new/MyPC_tb.v at line 58 is not valid.
WARNING: File descriptor (-20000) passed to $fwrite in file C:/Users/mzm0175/OneDrive - Auburn University/Academics/Compuer architectute/Project/project_CPU_RET_fixed _impl_seven_segment/project_CPU.srcs/sim_1/new/MyPC_tb.v at line 58 is not valid.
WARNING: File descriptor (-20000) passed to $fwrite in file C:/Users/mzm0175/OneDrive - Auburn University/Academics/Compuer architectute/Project/project_CPU_RET_fixed _impl_seven_segment/project_CPU.srcs/sim_1/new/MyPC_tb.v at line 58 is not valid.
save_wave_config {C:/Users/mzm0175/OneDrive - Auburn University/Academics/Compuer architectute/Project/project_CPU_RET_fixed _impl_seven_segment/MyPC_tb_behav.wcfg}
add_files -fileset sim_1 -norecurse {{C:/Users/mzm0175/OneDrive - Auburn University/Academics/Compuer architectute/Project/project_CPU_RET_fixed _impl_seven_segment/MyPC_tb_behav.wcfg}}
set_property xsim.view {{C:/Users/mzm0175/OneDrive - Auburn University/Academics/Compuer architectute/Project/project_CPU_RET_fixed _impl_seven_segment/MyPC_tb_behav.wcfg}} [get_filesets sim_1]
close_sim
INFO: [Simtcl 6-16] Simulation closed
exit
INFO: [Common 17-206] Exiting Vivado at Thu Nov 30 20:38:40 2017...
