#-----------------------------------------------------------
# Vivado v2017.2 (64-bit)
# SW Build 1909853 on Thu Jun 15 18:39:09 MDT 2017
# IP Build 1909766 on Thu Jun 15 19:58:00 MDT 2017
# Start of session at: Thu Nov 16 03:13:23 2017
# Process ID: 5880
# Current directory: C:/Users/mzm0175/OneDrive - Auburn University/Academics/Compuer architectute/Project/Project_fress/project_CPU_RET_fixed
# Command line: vivado.exe -gui_launcher_event rodinguilauncherevent872 C:\Users\mzm0175\OneDrive - Auburn University\Academics\Compuer architectute\Project\Project_fress\project_CPU_RET_fixed\project_CPU.xpr
# Log file: C:/Users/mzm0175/OneDrive - Auburn University/Academics/Compuer architectute/Project/Project_fress/project_CPU_RET_fixed/vivado.log
# Journal file: C:/Users/mzm0175/OneDrive - Auburn University/Academics/Compuer architectute/Project/Project_fress/project_CPU_RET_fixed\vivado.jou
#-----------------------------------------------------------
start_gui
open_project {C:/Users/mzm0175/OneDrive - Auburn University/Academics/Compuer architectute/Project/Project_fress/project_CPU_RET_fixed/project_CPU.xpr}
INFO: [ProjectBase 1-489] The host OS only allows 260 characters in a normal path. The project is stored in a path with more than 80 characters. If you experience issues with IP, Block Designs, or files not being found, please consider moving the project to a location with a shorter path. Alternately consider using the OS subst command to map part of the path to a drive letter.
Current project path is 'C:/Users/mzm0175/OneDrive - Auburn University/Academics/Compuer architectute/Project/Project_fress/project_CPU_RET_fixed'
Scanning sources...
Finished scanning sources
INFO: [IP_Flow 19-234] Refreshing IP repositories
INFO: [IP_Flow 19-1704] No user IP repositories specified
INFO: [IP_Flow 19-2313] Loaded Vivado IP repository 'C:/Xilinx/Vivado/2017.2/data/ip'.
update_compile_order -fileset sources_1
