
*** Running vivado
    with args -log Test_PC.vds -m64 -product Vivado -mode batch -messageDb vivado.pb -notrace -source Test_PC.tcl


****** Vivado v2017.2 (64-bit)
  **** SW Build 1909853 on Thu Jun 15 18:39:09 MDT 2017
  **** IP Build 1909766 on Thu Jun 15 19:58:00 MDT 2017
    ** Copyright 1986-2017 Xilinx, Inc. All Rights Reserved.

source Test_PC.tcl -notrace
Command: synth_design -top Test_PC -part xc7a100tcsg324-1
Starting synth_design
Attempting to get a license for feature 'Synthesis' and/or device 'xc7a100t-csg324'
INFO: [Common 17-349] Got license for feature 'Synthesis' and/or device 'xc7a100t-csg324'
INFO: Launching helper process for spawning children vivado processes
INFO: Helper process launched with PID 5472 
---------------------------------------------------------------------------------
Starting RTL Elaboration : Time (s): cpu = 00:00:02 ; elapsed = 00:00:02 . Memory (MB): peak = 321.660 ; gain = 79.789
---------------------------------------------------------------------------------
INFO: [Synth 8-638] synthesizing module 'Test_PC' [C:/Users/mzm0175/OneDrive - Auburn University/Academics/Compuer architecture/Project/project_CPU_RET_fixed _impl_seven_segment - demo/project_CPU.srcs/sources_1/new/Test_PC.v:4]
INFO: [Synth 8-5534] Detected attribute (* DONT_TOUCH = "true" *) [C:/Users/mzm0175/OneDrive - Auburn University/Academics/Compuer architecture/Project/project_CPU_RET_fixed _impl_seven_segment - demo/project_CPU.srcs/sources_1/new/Test_PC.v:15]
INFO: [Synth 8-638] synthesizing module 'MyPC' [C:/Users/mzm0175/OneDrive - Auburn University/Academics/Compuer architecture/Project/project_CPU_RET_fixed _impl_seven_segment - demo/project_CPU.srcs/sources_1/imports/new/MyPC.v:3]
INFO: [Synth 8-5534] Detected attribute (* DONT_TOUCH = "true" *) [C:/Users/mzm0175/OneDrive - Auburn University/Academics/Compuer architecture/Project/project_CPU_RET_fixed _impl_seven_segment - demo/project_CPU.srcs/sources_1/imports/new/MyPC.v:11]
INFO: [Synth 8-5534] Detected attribute (* DONT_TOUCH = "true" *) [C:/Users/mzm0175/OneDrive - Auburn University/Academics/Compuer architecture/Project/project_CPU_RET_fixed _impl_seven_segment - demo/project_CPU.srcs/sources_1/imports/new/MyPC.v:12]
INFO: [Synth 8-5534] Detected attribute (* DONT_TOUCH = "true" *) [C:/Users/mzm0175/OneDrive - Auburn University/Academics/Compuer architecture/Project/project_CPU_RET_fixed _impl_seven_segment - demo/project_CPU.srcs/sources_1/imports/new/MyPC.v:13]
INFO: [Synth 8-5534] Detected attribute (* DONT_TOUCH = "true" *) [C:/Users/mzm0175/OneDrive - Auburn University/Academics/Compuer architecture/Project/project_CPU_RET_fixed _impl_seven_segment - demo/project_CPU.srcs/sources_1/imports/new/MyPC.v:14]
INFO: [Synth 8-5534] Detected attribute (* DONT_TOUCH = "true" *) [C:/Users/mzm0175/OneDrive - Auburn University/Academics/Compuer architecture/Project/project_CPU_RET_fixed _impl_seven_segment - demo/project_CPU.srcs/sources_1/imports/new/MyPC.v:15]
INFO: [Synth 8-5534] Detected attribute (* DONT_TOUCH = "true" *) [C:/Users/mzm0175/OneDrive - Auburn University/Academics/Compuer architecture/Project/project_CPU_RET_fixed _impl_seven_segment - demo/project_CPU.srcs/sources_1/imports/new/MyPC.v:16]
INFO: [Synth 8-5534] Detected attribute (* DONT_TOUCH = "true" *) [C:/Users/mzm0175/OneDrive - Auburn University/Academics/Compuer architecture/Project/project_CPU_RET_fixed _impl_seven_segment - demo/project_CPU.srcs/sources_1/imports/new/MyPC.v:17]
INFO: [Synth 8-638] synthesizing module 'CPU' [C:/Users/mzm0175/OneDrive - Auburn University/Academics/Compuer architecture/Project/project_CPU_RET_fixed _impl_seven_segment - demo/project_CPU.srcs/sources_1/imports/new/CPU.v:3]
INFO: [Synth 8-5534] Detected attribute (* DONT_TOUCH = "true" *) [C:/Users/mzm0175/OneDrive - Auburn University/Academics/Compuer architecture/Project/project_CPU_RET_fixed _impl_seven_segment - demo/project_CPU.srcs/sources_1/imports/new/CPU.v:24]
INFO: [Synth 8-5534] Detected attribute (* DONT_TOUCH = "true" *) [C:/Users/mzm0175/OneDrive - Auburn University/Academics/Compuer architecture/Project/project_CPU_RET_fixed _impl_seven_segment - demo/project_CPU.srcs/sources_1/imports/new/CPU.v:25]
INFO: [Synth 8-5534] Detected attribute (* DONT_TOUCH = "true" *) [C:/Users/mzm0175/OneDrive - Auburn University/Academics/Compuer architecture/Project/project_CPU_RET_fixed _impl_seven_segment - demo/project_CPU.srcs/sources_1/imports/new/CPU.v:26]
INFO: [Synth 8-5534] Detected attribute (* DONT_TOUCH = "true" *) [C:/Users/mzm0175/OneDrive - Auburn University/Academics/Compuer architecture/Project/project_CPU_RET_fixed _impl_seven_segment - demo/project_CPU.srcs/sources_1/imports/new/CPU.v:27]
INFO: [Synth 8-5534] Detected attribute (* DONT_TOUCH = "true" *) [C:/Users/mzm0175/OneDrive - Auburn University/Academics/Compuer architecture/Project/project_CPU_RET_fixed _impl_seven_segment - demo/project_CPU.srcs/sources_1/imports/new/CPU.v:28]
INFO: [Synth 8-5534] Detected attribute (* DONT_TOUCH = "true" *) [C:/Users/mzm0175/OneDrive - Auburn University/Academics/Compuer architecture/Project/project_CPU_RET_fixed _impl_seven_segment - demo/project_CPU.srcs/sources_1/imports/new/CPU.v:29]
INFO: [Synth 8-5534] Detected attribute (* DONT_TOUCH = "true" *) [C:/Users/mzm0175/OneDrive - Auburn University/Academics/Compuer architecture/Project/project_CPU_RET_fixed _impl_seven_segment - demo/project_CPU.srcs/sources_1/imports/new/CPU.v:30]
INFO: [Synth 8-5534] Detected attribute (* DONT_TOUCH = "true" *) [C:/Users/mzm0175/OneDrive - Auburn University/Academics/Compuer architecture/Project/project_CPU_RET_fixed _impl_seven_segment - demo/project_CPU.srcs/sources_1/imports/new/CPU.v:32]
INFO: [Synth 8-5534] Detected attribute (* DONT_TOUCH = "true" *) [C:/Users/mzm0175/OneDrive - Auburn University/Academics/Compuer architecture/Project/project_CPU_RET_fixed _impl_seven_segment - demo/project_CPU.srcs/sources_1/imports/new/CPU.v:33]
INFO: [Synth 8-5534] Detected attribute (* DONT_TOUCH = "true" *) [C:/Users/mzm0175/OneDrive - Auburn University/Academics/Compuer architecture/Project/project_CPU_RET_fixed _impl_seven_segment - demo/project_CPU.srcs/sources_1/imports/new/CPU.v:34]
INFO: [Synth 8-5534] Detected attribute (* DONT_TOUCH = "true" *) [C:/Users/mzm0175/OneDrive - Auburn University/Academics/Compuer architecture/Project/project_CPU_RET_fixed _impl_seven_segment - demo/project_CPU.srcs/sources_1/imports/new/CPU.v:35]
INFO: [Synth 8-5534] Detected attribute (* DONT_TOUCH = "true" *) [C:/Users/mzm0175/OneDrive - Auburn University/Academics/Compuer architecture/Project/project_CPU_RET_fixed _impl_seven_segment - demo/project_CPU.srcs/sources_1/imports/new/CPU.v:36]
INFO: [Synth 8-5534] Detected attribute (* DONT_TOUCH = "true" *) [C:/Users/mzm0175/OneDrive - Auburn University/Academics/Compuer architecture/Project/project_CPU_RET_fixed _impl_seven_segment - demo/project_CPU.srcs/sources_1/imports/new/CPU.v:37]
INFO: [Synth 8-5534] Detected attribute (* DONT_TOUCH = "true" *) [C:/Users/mzm0175/OneDrive - Auburn University/Academics/Compuer architecture/Project/project_CPU_RET_fixed _impl_seven_segment - demo/project_CPU.srcs/sources_1/imports/new/CPU.v:38]
INFO: [Synth 8-5534] Detected attribute (* DONT_TOUCH = "true" *) [C:/Users/mzm0175/OneDrive - Auburn University/Academics/Compuer architecture/Project/project_CPU_RET_fixed _impl_seven_segment - demo/project_CPU.srcs/sources_1/imports/new/CPU.v:41]
INFO: [Synth 8-5534] Detected attribute (* DONT_TOUCH = "true" *) [C:/Users/mzm0175/OneDrive - Auburn University/Academics/Compuer architecture/Project/project_CPU_RET_fixed _impl_seven_segment - demo/project_CPU.srcs/sources_1/imports/new/CPU.v:43]
INFO: [Synth 8-5534] Detected attribute (* DONT_TOUCH = "true" *) [C:/Users/mzm0175/OneDrive - Auburn University/Academics/Compuer architecture/Project/project_CPU_RET_fixed _impl_seven_segment - demo/project_CPU.srcs/sources_1/imports/new/CPU.v:45]
INFO: [Synth 8-5534] Detected attribute (* DONT_TOUCH = "true" *) [C:/Users/mzm0175/OneDrive - Auburn University/Academics/Compuer architecture/Project/project_CPU_RET_fixed _impl_seven_segment - demo/project_CPU.srcs/sources_1/imports/new/CPU.v:47]
INFO: [Synth 8-5534] Detected attribute (* DONT_TOUCH = "true" *) [C:/Users/mzm0175/OneDrive - Auburn University/Academics/Compuer architecture/Project/project_CPU_RET_fixed _impl_seven_segment - demo/project_CPU.srcs/sources_1/imports/new/CPU.v:48]
INFO: [Synth 8-5534] Detected attribute (* DONT_TOUCH = "true" *) [C:/Users/mzm0175/OneDrive - Auburn University/Academics/Compuer architecture/Project/project_CPU_RET_fixed _impl_seven_segment - demo/project_CPU.srcs/sources_1/imports/new/CPU.v:49]
INFO: [Synth 8-5534] Detected attribute (* DONT_TOUCH = "true" *) [C:/Users/mzm0175/OneDrive - Auburn University/Academics/Compuer architecture/Project/project_CPU_RET_fixed _impl_seven_segment - demo/project_CPU.srcs/sources_1/imports/new/CPU.v:50]
INFO: [Synth 8-5534] Detected attribute (* DONT_TOUCH = "true" *) [C:/Users/mzm0175/OneDrive - Auburn University/Academics/Compuer architecture/Project/project_CPU_RET_fixed _impl_seven_segment - demo/project_CPU.srcs/sources_1/imports/new/CPU.v:51]
INFO: [Synth 8-5534] Detected attribute (* DONT_TOUCH = "true" *) [C:/Users/mzm0175/OneDrive - Auburn University/Academics/Compuer architecture/Project/project_CPU_RET_fixed _impl_seven_segment - demo/project_CPU.srcs/sources_1/imports/new/CPU.v:52]
INFO: [Synth 8-5534] Detected attribute (* DONT_TOUCH = "true" *) [C:/Users/mzm0175/OneDrive - Auburn University/Academics/Compuer architecture/Project/project_CPU_RET_fixed _impl_seven_segment - demo/project_CPU.srcs/sources_1/imports/new/CPU.v:53]
INFO: [Synth 8-5534] Detected attribute (* DONT_TOUCH = "true" *) [C:/Users/mzm0175/OneDrive - Auburn University/Academics/Compuer architecture/Project/project_CPU_RET_fixed _impl_seven_segment - demo/project_CPU.srcs/sources_1/imports/new/CPU.v:54]
INFO: [Synth 8-5534] Detected attribute (* DONT_TOUCH = "true" *) [C:/Users/mzm0175/OneDrive - Auburn University/Academics/Compuer architecture/Project/project_CPU_RET_fixed _impl_seven_segment - demo/project_CPU.srcs/sources_1/imports/new/CPU.v:56]
INFO: [Synth 8-5534] Detected attribute (* DONT_TOUCH = "true" *) [C:/Users/mzm0175/OneDrive - Auburn University/Academics/Compuer architecture/Project/project_CPU_RET_fixed _impl_seven_segment - demo/project_CPU.srcs/sources_1/imports/new/CPU.v:57]
INFO: [Synth 8-5534] Detected attribute (* DONT_TOUCH = "true" *) [C:/Users/mzm0175/OneDrive - Auburn University/Academics/Compuer architecture/Project/project_CPU_RET_fixed _impl_seven_segment - demo/project_CPU.srcs/sources_1/imports/new/CPU.v:60]
INFO: [Synth 8-638] synthesizing module 'MUX' [C:/Users/mzm0175/OneDrive - Auburn University/Academics/Compuer architecture/Project/project_CPU_RET_fixed _impl_seven_segment - demo/project_CPU.srcs/sources_1/imports/new/MUX.v:3]
INFO: [Synth 8-256] done synthesizing module 'MUX' (1#1) [C:/Users/mzm0175/OneDrive - Auburn University/Academics/Compuer architecture/Project/project_CPU_RET_fixed _impl_seven_segment - demo/project_CPU.srcs/sources_1/imports/new/MUX.v:3]
INFO: [Synth 8-638] synthesizing module 'PC' [C:/Users/mzm0175/OneDrive - Auburn University/Academics/Compuer architecture/Project/project_CPU_RET_fixed _impl_seven_segment - demo/project_CPU.srcs/sources_1/imports/new/PC.v:2]
INFO: [Synth 8-256] done synthesizing module 'PC' (2#1) [C:/Users/mzm0175/OneDrive - Auburn University/Academics/Compuer architecture/Project/project_CPU_RET_fixed _impl_seven_segment - demo/project_CPU.srcs/sources_1/imports/new/PC.v:2]
INFO: [Synth 8-638] synthesizing module 'ADDER' [C:/Users/mzm0175/OneDrive - Auburn University/Academics/Compuer architecture/Project/project_CPU_RET_fixed _impl_seven_segment - demo/project_CPU.srcs/sources_1/imports/new/ADDER.v:2]
INFO: [Synth 8-256] done synthesizing module 'ADDER' (3#1) [C:/Users/mzm0175/OneDrive - Auburn University/Academics/Compuer architecture/Project/project_CPU_RET_fixed _impl_seven_segment - demo/project_CPU.srcs/sources_1/imports/new/ADDER.v:2]
INFO: [Synth 8-638] synthesizing module 'Cont' [C:/Users/mzm0175/OneDrive - Auburn University/Academics/Compuer architecture/Project/project_CPU_RET_fixed _impl_seven_segment - demo/project_CPU.srcs/sources_1/imports/new/Cont.v:23]
INFO: [Synth 8-256] done synthesizing module 'Cont' (4#1) [C:/Users/mzm0175/OneDrive - Auburn University/Academics/Compuer architecture/Project/project_CPU_RET_fixed _impl_seven_segment - demo/project_CPU.srcs/sources_1/imports/new/Cont.v:23]
INFO: [Synth 8-638] synthesizing module 'MUX3' [C:/Users/mzm0175/OneDrive - Auburn University/Academics/Compuer architecture/Project/project_CPU_RET_fixed _impl_seven_segment - demo/project_CPU.srcs/sources_1/imports/new/MUX3.v:23]
INFO: [Synth 8-256] done synthesizing module 'MUX3' (5#1) [C:/Users/mzm0175/OneDrive - Auburn University/Academics/Compuer architecture/Project/project_CPU_RET_fixed _impl_seven_segment - demo/project_CPU.srcs/sources_1/imports/new/MUX3.v:23]
INFO: [Synth 8-638] synthesizing module 'Reg' [C:/Users/mzm0175/OneDrive - Auburn University/Academics/Compuer architecture/Project/project_CPU_RET_fixed _impl_seven_segment - demo/project_CPU.srcs/sources_1/imports/new/Reg.v:3]
INFO: [Synth 8-256] done synthesizing module 'Reg' (6#1) [C:/Users/mzm0175/OneDrive - Auburn University/Academics/Compuer architecture/Project/project_CPU_RET_fixed _impl_seven_segment - demo/project_CPU.srcs/sources_1/imports/new/Reg.v:3]
INFO: [Synth 8-638] synthesizing module 'SignExtend' [C:/Users/mzm0175/OneDrive - Auburn University/Academics/Compuer architecture/Project/project_CPU_RET_fixed _impl_seven_segment - demo/project_CPU.srcs/sources_1/imports/new/SignExtend.v:3]
INFO: [Synth 8-256] done synthesizing module 'SignExtend' (7#1) [C:/Users/mzm0175/OneDrive - Auburn University/Academics/Compuer architecture/Project/project_CPU_RET_fixed _impl_seven_segment - demo/project_CPU.srcs/sources_1/imports/new/SignExtend.v:3]
INFO: [Synth 8-638] synthesizing module 'ALU' [C:/Users/mzm0175/OneDrive - Auburn University/Academics/Compuer architecture/Project/project_CPU_RET_fixed _impl_seven_segment - demo/project_CPU.srcs/sources_1/imports/new/ALU.v:3]
INFO: [Synth 8-226] default block is never used [C:/Users/mzm0175/OneDrive - Auburn University/Academics/Compuer architecture/Project/project_CPU_RET_fixed _impl_seven_segment - demo/project_CPU.srcs/sources_1/imports/new/ALU.v:17]
INFO: [Synth 8-256] done synthesizing module 'ALU' (8#1) [C:/Users/mzm0175/OneDrive - Auburn University/Academics/Compuer architecture/Project/project_CPU_RET_fixed _impl_seven_segment - demo/project_CPU.srcs/sources_1/imports/new/ALU.v:3]
INFO: [Synth 8-256] done synthesizing module 'CPU' (9#1) [C:/Users/mzm0175/OneDrive - Auburn University/Academics/Compuer architecture/Project/project_CPU_RET_fixed _impl_seven_segment - demo/project_CPU.srcs/sources_1/imports/new/CPU.v:3]
INFO: [Synth 8-638] synthesizing module 'insMemory' [C:/Users/mzm0175/OneDrive - Auburn University/Academics/Compuer architecture/Project/project_CPU_RET_fixed _impl_seven_segment - demo/project_CPU.srcs/sources_1/imports/new/InsMemory.v:2]
INFO: [Synth 8-256] done synthesizing module 'insMemory' (10#1) [C:/Users/mzm0175/OneDrive - Auburn University/Academics/Compuer architecture/Project/project_CPU_RET_fixed _impl_seven_segment - demo/project_CPU.srcs/sources_1/imports/new/InsMemory.v:2]
INFO: [Synth 8-638] synthesizing module 'dataMemory' [C:/Users/mzm0175/OneDrive - Auburn University/Academics/Compuer architecture/Project/project_CPU_RET_fixed _impl_seven_segment - demo/project_CPU.srcs/sources_1/imports/new/dataMemory.v:4]
INFO: [Synth 8-256] done synthesizing module 'dataMemory' (11#1) [C:/Users/mzm0175/OneDrive - Auburn University/Academics/Compuer architecture/Project/project_CPU_RET_fixed _impl_seven_segment - demo/project_CPU.srcs/sources_1/imports/new/dataMemory.v:4]
INFO: [Synth 8-256] done synthesizing module 'MyPC' (12#1) [C:/Users/mzm0175/OneDrive - Auburn University/Academics/Compuer architecture/Project/project_CPU_RET_fixed _impl_seven_segment - demo/project_CPU.srcs/sources_1/imports/new/MyPC.v:3]
INFO: [Synth 8-638] synthesizing module 'display' [C:/Users/mzm0175/OneDrive - Auburn University/Academics/Compuer architecture/Project/project_CPU_RET_fixed _impl_seven_segment - demo/project_CPU.srcs/sources_1/imports/new/display.v:6]
	Parameter N bound to: 18 - type: integer 
INFO: [Synth 8-5534] Detected attribute (* DONT_TOUCH = "true" *) [C:/Users/mzm0175/OneDrive - Auburn University/Academics/Compuer architecture/Project/project_CPU_RET_fixed _impl_seven_segment - demo/project_CPU.srcs/sources_1/imports/new/display.v:16]
INFO: [Synth 8-226] default block is never used [C:/Users/mzm0175/OneDrive - Auburn University/Academics/Compuer architecture/Project/project_CPU_RET_fixed _impl_seven_segment - demo/project_CPU.srcs/sources_1/imports/new/display.v:65]
INFO: [Synth 8-256] done synthesizing module 'display' (13#1) [C:/Users/mzm0175/OneDrive - Auburn University/Academics/Compuer architecture/Project/project_CPU_RET_fixed _impl_seven_segment - demo/project_CPU.srcs/sources_1/imports/new/display.v:6]
INFO: [Synth 8-256] done synthesizing module 'Test_PC' (14#1) [C:/Users/mzm0175/OneDrive - Auburn University/Academics/Compuer architecture/Project/project_CPU_RET_fixed _impl_seven_segment - demo/project_CPU.srcs/sources_1/new/Test_PC.v:4]
---------------------------------------------------------------------------------
Finished RTL Elaboration : Time (s): cpu = 00:00:03 ; elapsed = 00:00:03 . Memory (MB): peak = 360.988 ; gain = 119.117
---------------------------------------------------------------------------------

Report Check Netlist: 
+------+------------------+-------+---------+-------+------------------+
|      |Item              |Errors |Warnings |Status |Description       |
+------+------------------+-------+---------+-------+------------------+
|1     |multi_driven_nets |      0|        0|Passed |Multi driven nets |
+------+------------------+-------+---------+-------+------------------+
---------------------------------------------------------------------------------
Finished RTL Optimization Phase 1 : Time (s): cpu = 00:00:03 ; elapsed = 00:00:03 . Memory (MB): peak = 360.988 ; gain = 119.117
---------------------------------------------------------------------------------
INFO: [Device 21-403] Loading part xc7a100tcsg324-1
INFO: [Project 1-570] Preparing netlist for logic optimization

Processing XDC Constraints
Initializing timing engine
Parsing XDC File [C:/Users/mzm0175/OneDrive - Auburn University/Academics/Compuer architecture/Project/project_CPU_RET_fixed _impl_seven_segment - demo/project_CPU.srcs/constrs_1/imports/Xilinx/Nexys4DDR_Master.xdc]
Finished Parsing XDC File [C:/Users/mzm0175/OneDrive - Auburn University/Academics/Compuer architecture/Project/project_CPU_RET_fixed _impl_seven_segment - demo/project_CPU.srcs/constrs_1/imports/Xilinx/Nexys4DDR_Master.xdc]
INFO: [Project 1-236] Implementation specific constraints were found while reading constraint file [C:/Users/mzm0175/OneDrive - Auburn University/Academics/Compuer architecture/Project/project_CPU_RET_fixed _impl_seven_segment - demo/project_CPU.srcs/constrs_1/imports/Xilinx/Nexys4DDR_Master.xdc]. These constraints will be ignored for synthesis but will be used in implementation. Impacted constraints are listed in the file [.Xil/Test_PC_propImpl.xdc].
Resolution: To avoid this warning, move constraints listed in [.Xil/Test_PC_propImpl.xdc] to another XDC file and exclude this new file from synthesis with the used_in_synthesis property (File Properties dialog in GUI) and re-run elaboration/synthesis.
Completed Processing XDC Constraints

INFO: [Project 1-111] Unisim Transformation Summary:
No Unisim elements were transformed.

Constraint Validation Runtime : Time (s): cpu = 00:00:00 ; elapsed = 00:00:00.002 . Memory (MB): peak = 674.191 ; gain = 0.000
---------------------------------------------------------------------------------
Finished Constraint Validation : Time (s): cpu = 00:00:09 ; elapsed = 00:00:10 . Memory (MB): peak = 674.191 ; gain = 432.320
---------------------------------------------------------------------------------
---------------------------------------------------------------------------------
Start Loading Part and Timing Information
---------------------------------------------------------------------------------
Loading part: xc7a100tcsg324-1
---------------------------------------------------------------------------------
Finished Loading Part and Timing Information : Time (s): cpu = 00:00:09 ; elapsed = 00:00:10 . Memory (MB): peak = 674.191 ; gain = 432.320
---------------------------------------------------------------------------------
---------------------------------------------------------------------------------
Start Applying 'set_property' XDC Constraints
---------------------------------------------------------------------------------
---------------------------------------------------------------------------------
Finished applying 'set_property' XDC Constraints : Time (s): cpu = 00:00:09 ; elapsed = 00:00:10 . Memory (MB): peak = 674.191 ; gain = 432.320
---------------------------------------------------------------------------------
INFO: [Synth 8-5544] ROM "Reg_stack_reg[7]" won't be mapped to Block RAM because address size (3) smaller than threshold (5)
INFO: [Synth 8-5544] ROM "Reg_stack_reg[6]" won't be mapped to Block RAM because address size (3) smaller than threshold (5)
INFO: [Synth 8-5544] ROM "Reg_stack_reg[5]" won't be mapped to Block RAM because address size (3) smaller than threshold (5)
INFO: [Synth 8-5544] ROM "Reg_stack_reg[4]" won't be mapped to Block RAM because address size (3) smaller than threshold (5)
INFO: [Synth 8-5544] ROM "Reg_stack_reg[3]" won't be mapped to Block RAM because address size (3) smaller than threshold (5)
INFO: [Synth 8-5544] ROM "Reg_stack_reg[2]" won't be mapped to Block RAM because address size (3) smaller than threshold (5)
INFO: [Synth 8-5544] ROM "Reg_stack_reg[1]" won't be mapped to Block RAM because address size (3) smaller than threshold (5)
INFO: [Synth 8-5544] ROM "Reg_stack_reg[0]" won't be mapped to Block RAM because address size (3) smaller than threshold (5)
INFO: [Synth 8-5818] HDL ADVISOR - The operator resource <adder> is shared. To prevent sharing consider applying a KEEP on the output of the operator [C:/Users/mzm0175/OneDrive - Auburn University/Academics/Compuer architecture/Project/project_CPU_RET_fixed _impl_seven_segment - demo/project_CPU.srcs/sources_1/imports/new/ALU.v:17]
---------------------------------------------------------------------------------
Finished RTL Optimization Phase 2 : Time (s): cpu = 00:00:09 ; elapsed = 00:00:10 . Memory (MB): peak = 674.191 ; gain = 432.320
---------------------------------------------------------------------------------

Report RTL Partitions: 
+-+--------------+------------+----------+
| |RTL Partition |Replication |Instances |
+-+--------------+------------+----------+
+-+--------------+------------+----------+
---------------------------------------------------------------------------------
Start RTL Component Statistics 
---------------------------------------------------------------------------------
Detailed RTL Component Info : 
+---Adders : 
	   2 Input     18 Bit       Adders := 1     
	   2 Input     16 Bit       Adders := 2     
	   3 Input     16 Bit       Adders := 1     
	   2 Input      3 Bit       Adders := 1     
+---XORs : 
	   2 Input      1 Bit         XORs := 2     
+---Registers : 
	               18 Bit    Registers := 1     
	               16 Bit    Registers := 9     
+---Muxes : 
	   2 Input     16 Bit        Muxes := 8     
	   9 Input     16 Bit        Muxes := 3     
	   8 Input     16 Bit        Muxes := 1     
	   4 Input      4 Bit        Muxes := 2     
	   2 Input      3 Bit        Muxes := 4     
	   3 Input      2 Bit        Muxes := 1     
	   2 Input      2 Bit        Muxes := 1     
	   2 Input      1 Bit        Muxes := 8     
---------------------------------------------------------------------------------
Finished RTL Component Statistics 
---------------------------------------------------------------------------------
---------------------------------------------------------------------------------
Start RTL Hierarchical Component Statistics 
---------------------------------------------------------------------------------
Hierarchical RTL Component report 
Module MUX 
Detailed RTL Component Info : 
+---Muxes : 
	   2 Input     16 Bit        Muxes := 1     
Module PC 
Detailed RTL Component Info : 
+---Registers : 
	               16 Bit    Registers := 1     
Module ADDER 
Detailed RTL Component Info : 
+---Adders : 
	   2 Input     16 Bit       Adders := 1     
Module Cont 
Detailed RTL Component Info : 
+---Adders : 
	   2 Input      3 Bit       Adders := 1     
+---XORs : 
	   2 Input      1 Bit         XORs := 1     
+---Muxes : 
	   2 Input      3 Bit        Muxes := 1     
	   3 Input      2 Bit        Muxes := 1     
Module MUX3 
Detailed RTL Component Info : 
+---Muxes : 
	   2 Input      3 Bit        Muxes := 1     
Module Reg 
Detailed RTL Component Info : 
+---Registers : 
	               16 Bit    Registers := 8     
+---Muxes : 
	   9 Input     16 Bit        Muxes := 3     
	   2 Input      1 Bit        Muxes := 8     
Module ALU 
Detailed RTL Component Info : 
+---Adders : 
	   3 Input     16 Bit       Adders := 1     
+---Muxes : 
	   8 Input     16 Bit        Muxes := 1     
	   2 Input      2 Bit        Muxes := 1     
Module CPU 
Detailed RTL Component Info : 
+---XORs : 
	   2 Input      1 Bit         XORs := 1     
Module dataMemory 
Detailed RTL Component Info : 
+---Muxes : 
	   2 Input     16 Bit        Muxes := 1     
Module display 
Detailed RTL Component Info : 
+---Adders : 
	   2 Input     18 Bit       Adders := 1     
+---Registers : 
	               18 Bit    Registers := 1     
+---Muxes : 
	   4 Input      4 Bit        Muxes := 2     
---------------------------------------------------------------------------------
Finished RTL Hierarchical Component Statistics
---------------------------------------------------------------------------------
---------------------------------------------------------------------------------
Start Part Resource Summary
---------------------------------------------------------------------------------
Part Resources:
DSPs: 240 (col length:80)
BRAMs: 270 (col length: RAMB18 80 RAMB36 40)
---------------------------------------------------------------------------------
Finished Part Resource Summary
---------------------------------------------------------------------------------
---------------------------------------------------------------------------------
Start Cross Boundary and Area Optimization
---------------------------------------------------------------------------------
WARNING: [Synth 8-3917] design Test_PC has port dp driven by constant 1
WARNING: [Synth 8-3332] Sequential element (Reg_stack_reg[0][15]) is unused and will be removed from module Reg.
WARNING: [Synth 8-3332] Sequential element (Reg_stack_reg[0][14]) is unused and will be removed from module Reg.
WARNING: [Synth 8-3332] Sequential element (Reg_stack_reg[0][13]) is unused and will be removed from module Reg.
WARNING: [Synth 8-3332] Sequential element (Reg_stack_reg[0][12]) is unused and will be removed from module Reg.
WARNING: [Synth 8-3332] Sequential element (Reg_stack_reg[0][11]) is unused and will be removed from module Reg.
WARNING: [Synth 8-3332] Sequential element (Reg_stack_reg[0][10]) is unused and will be removed from module Reg.
WARNING: [Synth 8-3332] Sequential element (Reg_stack_reg[0][9]) is unused and will be removed from module Reg.
WARNING: [Synth 8-3332] Sequential element (Reg_stack_reg[0][8]) is unused and will be removed from module Reg.
WARNING: [Synth 8-3332] Sequential element (Reg_stack_reg[0][7]) is unused and will be removed from module Reg.
WARNING: [Synth 8-3332] Sequential element (Reg_stack_reg[0][6]) is unused and will be removed from module Reg.
WARNING: [Synth 8-3332] Sequential element (Reg_stack_reg[0][5]) is unused and will be removed from module Reg.
WARNING: [Synth 8-3332] Sequential element (Reg_stack_reg[0][4]) is unused and will be removed from module Reg.
WARNING: [Synth 8-3332] Sequential element (Reg_stack_reg[0][3]) is unused and will be removed from module Reg.
WARNING: [Synth 8-3332] Sequential element (Reg_stack_reg[0][2]) is unused and will be removed from module Reg.
WARNING: [Synth 8-3332] Sequential element (Reg_stack_reg[0][1]) is unused and will be removed from module Reg.
WARNING: [Synth 8-3332] Sequential element (Reg_stack_reg[0][0]) is unused and will be removed from module Reg.
---------------------------------------------------------------------------------
Finished Cross Boundary and Area Optimization : Time (s): cpu = 00:00:11 ; elapsed = 00:00:12 . Memory (MB): peak = 674.191 ; gain = 432.320
---------------------------------------------------------------------------------
---------------------------------------------------------------------------------
Start ROM, RAM, DSP and Shift Register Reporting
---------------------------------------------------------------------------------

ROM:
+------------+------------+---------------+----------------+
|Module Name | RTL Object | Depth x Width | Implemented As | 
+------------+------------+---------------+----------------+
|insMemory   | p_0_out    | 128x16        | LUT            | 
+------------+------------+---------------+----------------+


Distributed RAM: Preliminary Mapping  Report (see note below)
+------------+------------+-----------+----------------------+------------------+
|Module Name | RTL Object | Inference | Size (Depth x Width) | Primitives       | 
+------------+------------+-----------+----------------------+------------------+
|\PC0/Data   | memory_reg | Implied   | 1 K x 16             | RAM256X1S x 64   | 
+------------+------------+-----------+----------------------+------------------+

Note: The table above is a preliminary report that shows the Distributed RAMs at the current stage of the synthesis flow. Some Distributed RAMs may be reimplemented as non Distributed RAM primitives later in the synthesis flow. Multiple instantiated RAMs are reported only once.
---------------------------------------------------------------------------------
Finished ROM, RAM, DSP and Shift Register Reporting
---------------------------------------------------------------------------------

Report RTL Partitions: 
+-+--------------+------------+----------+
| |RTL Partition |Replication |Instances |
+-+--------------+------------+----------+
+-+--------------+------------+----------+
---------------------------------------------------------------------------------
Start Applying XDC Timing Constraints
---------------------------------------------------------------------------------
---------------------------------------------------------------------------------
Finished Applying XDC Timing Constraints : Time (s): cpu = 00:00:19 ; elapsed = 00:00:20 . Memory (MB): peak = 674.191 ; gain = 432.320
---------------------------------------------------------------------------------
---------------------------------------------------------------------------------
Start Timing Optimization
---------------------------------------------------------------------------------
---------------------------------------------------------------------------------
Finished Timing Optimization : Time (s): cpu = 00:00:20 ; elapsed = 00:00:21 . Memory (MB): peak = 674.191 ; gain = 432.320
---------------------------------------------------------------------------------

Report RTL Partitions: 
+-+--------------+------------+----------+
| |RTL Partition |Replication |Instances |
+-+--------------+------------+----------+
+-+--------------+------------+----------+
---------------------------------------------------------------------------------
Start Technology Mapping
---------------------------------------------------------------------------------
---------------------------------------------------------------------------------
Finished Technology Mapping : Time (s): cpu = 00:00:20 ; elapsed = 00:00:21 . Memory (MB): peak = 674.191 ; gain = 432.320
---------------------------------------------------------------------------------

Report RTL Partitions: 
+-+--------------+------------+----------+
| |RTL Partition |Replication |Instances |
+-+--------------+------------+----------+
+-+--------------+------------+----------+
---------------------------------------------------------------------------------
Start IO Insertion
---------------------------------------------------------------------------------
---------------------------------------------------------------------------------
Start Flattening Before IO Insertion
---------------------------------------------------------------------------------
---------------------------------------------------------------------------------
Finished Flattening Before IO Insertion
---------------------------------------------------------------------------------
---------------------------------------------------------------------------------
Start Final Netlist Cleanup
---------------------------------------------------------------------------------
---------------------------------------------------------------------------------
Finished Final Netlist Cleanup
---------------------------------------------------------------------------------
---------------------------------------------------------------------------------
Finished IO Insertion : Time (s): cpu = 00:00:21 ; elapsed = 00:00:22 . Memory (MB): peak = 674.191 ; gain = 432.320
---------------------------------------------------------------------------------

Report Check Netlist: 
+------+------------------+-------+---------+-------+------------------+
|      |Item              |Errors |Warnings |Status |Description       |
+------+------------------+-------+---------+-------+------------------+
|1     |multi_driven_nets |      0|        0|Passed |Multi driven nets |
+------+------------------+-------+---------+-------+------------------+
---------------------------------------------------------------------------------
Start Renaming Generated Instances
---------------------------------------------------------------------------------
---------------------------------------------------------------------------------
Finished Renaming Generated Instances : Time (s): cpu = 00:00:21 ; elapsed = 00:00:22 . Memory (MB): peak = 674.191 ; gain = 432.320
---------------------------------------------------------------------------------

Report RTL Partitions: 
+-+--------------+------------+----------+
| |RTL Partition |Replication |Instances |
+-+--------------+------------+----------+
+-+--------------+------------+----------+
---------------------------------------------------------------------------------
Start Rebuilding User Hierarchy
---------------------------------------------------------------------------------
---------------------------------------------------------------------------------
Finished Rebuilding User Hierarchy : Time (s): cpu = 00:00:21 ; elapsed = 00:00:22 . Memory (MB): peak = 674.191 ; gain = 432.320
---------------------------------------------------------------------------------
---------------------------------------------------------------------------------
Start Renaming Generated Ports
---------------------------------------------------------------------------------
---------------------------------------------------------------------------------
Finished Renaming Generated Ports : Time (s): cpu = 00:00:21 ; elapsed = 00:00:22 . Memory (MB): peak = 674.191 ; gain = 432.320
---------------------------------------------------------------------------------
---------------------------------------------------------------------------------
Start Handling Custom Attributes
---------------------------------------------------------------------------------
---------------------------------------------------------------------------------
Finished Handling Custom Attributes : Time (s): cpu = 00:00:21 ; elapsed = 00:00:22 . Memory (MB): peak = 674.191 ; gain = 432.320
---------------------------------------------------------------------------------
---------------------------------------------------------------------------------
Start Renaming Generated Nets
---------------------------------------------------------------------------------
---------------------------------------------------------------------------------
Finished Renaming Generated Nets : Time (s): cpu = 00:00:21 ; elapsed = 00:00:22 . Memory (MB): peak = 674.191 ; gain = 432.320
---------------------------------------------------------------------------------
---------------------------------------------------------------------------------
Start Writing Synthesis Report
---------------------------------------------------------------------------------

Report BlackBoxes: 
+-+--------------+----------+
| |BlackBox name |Instances |
+-+--------------+----------+
+-+--------------+----------+

Report Cell Usage: 
+------+----------+------+
|      |Cell      |Count |
+------+----------+------+
|1     |BUFG      |     1|
|2     |CARRY4    |    21|
|3     |LUT1      |    21|
|4     |LUT2      |    62|
|5     |LUT3      |   158|
|6     |LUT4      |    51|
|7     |LUT5      |    65|
|8     |LUT6      |   179|
|9     |MUXF7     |    48|
|10    |RAM256X1S |    64|
|11    |FDCE      |   146|
|12    |IBUF      |     5|
|13    |OBUF      |    12|
+------+----------+------+

Report Instance Areas: 
+------+-----------------+-----------+------+
|      |Instance         |Module     |Cells |
+------+-----------------+-----------+------+
|1     |top              |           |   833|
|2     |  Disp           |display    |    57|
|3     |  PC0            |MyPC       |   758|
|4     |    CPU0         |CPU        |   642|
|5     |      mux0       |MUX__1     |    16|
|6     |      mux_sp     |MUX__2     |    16|
|7     |      pc         |PC         |    17|
|8     |      alu0       |ADDER__1   |    20|
|9     |      alu1       |ADDER      |    20|
|10    |      mux2       |MUX__3     |    16|
|11    |      mux1       |MUX__4     |    16|
|12    |      controller |Cont       |    14|
|13    |      mux6       |MUX3__1    |     3|
|14    |      mux7       |MUX3__2    |     3|
|15    |      mux8       |MUX3       |     3|
|16    |      mux5       |MUX__5     |    16|
|17    |      mux4       |MUX__6     |    16|
|18    |      mux3       |MUX        |    16|
|19    |      Registers  |Reg        |   264|
|20    |      SignEXT    |SignExtend |     0|
|21    |      ALU_0      |ALU        |   183|
|22    |    insMemory    |insMemory  |    16|
|23    |    Data         |dataMemory |   100|
+------+-----------------+-----------+------+
---------------------------------------------------------------------------------
Finished Writing Synthesis Report : Time (s): cpu = 00:00:21 ; elapsed = 00:00:22 . Memory (MB): peak = 674.191 ; gain = 432.320
---------------------------------------------------------------------------------
Synthesis finished with 0 errors, 0 critical warnings and 17 warnings.
Synthesis Optimization Runtime : Time (s): cpu = 00:00:14 ; elapsed = 00:00:17 . Memory (MB): peak = 674.191 ; gain = 119.117
Synthesis Optimization Complete : Time (s): cpu = 00:00:21 ; elapsed = 00:00:22 . Memory (MB): peak = 674.191 ; gain = 432.320
INFO: [Project 1-571] Translating synthesized netlist
INFO: [Netlist 29-17] Analyzing 90 Unisim elements for replacement
INFO: [Netlist 29-28] Unisim Transformation completed in 0 CPU seconds
INFO: [Project 1-570] Preparing netlist for logic optimization
INFO: [Opt 31-138] Pushed 0 inverter(s) to 0 load pin(s).
INFO: [Project 1-111] Unisim Transformation Summary:
  A total of 64 instances were transformed.
  RAM256X1S => RAM256X1S (MUXF7, MUXF7, MUXF8, RAMS64E, RAMS64E, RAMS64E, RAMS64E): 64 instances

87 Infos, 17 Warnings, 0 Critical Warnings and 0 Errors encountered.
synth_design completed successfully
synth_design: Time (s): cpu = 00:00:23 ; elapsed = 00:00:24 . Memory (MB): peak = 674.191 ; gain = 440.086
INFO: [Common 17-1381] The checkpoint 'C:/Users/mzm0175/OneDrive - Auburn University/Academics/Compuer architecture/Project/project_CPU_RET_fixed _impl_seven_segment - demo/project_CPU.runs/synth_1/Test_PC.dcp' has been generated.
report_utilization: Time (s): cpu = 00:00:00 ; elapsed = 00:00:00.018 . Memory (MB): peak = 674.191 ; gain = 0.000
INFO: [Common 17-206] Exiting Vivado at Mon Dec  4 13:05:09 2017...
